383  DEBUG [2017-02-10 09:55:49]  http-outgoing-1 >> Accept-Encoding: gzip,deflate
383  DEBUG [2017-02-10 09:55:49]  http-outgoing-1 >> "GET / HTTP/1.1[\r][\n]"
384  DEBUG [2017-02-10 09:55:49]  http-outgoing-1 >> "Host: ip.cn[\r][\n]"
384  DEBUG [2017-02-10 09:55:49]  http-outgoing-1 >> "Connection: Keep-Alive[\r][\n]"
384  DEBUG [2017-02-10 09:55:49]  http-outgoing-1 >> "User-Agent: Mozilla/5.0 (Windows NT 10.0; WOW64) AppleWebKit/537.36 (KHTML, like Gecko) Chrome/54.0.2840.99 Safari/537.36[\r][\n]"
384  DEBUG [2017-02-10 09:55:49]  http-outgoing-1 >> "Accept-Encoding: gzip,deflate[\r][\n]"
385  DEBUG [2017-02-10 09:55:49]  http-outgoing-1 >> "[\r][\n]"
1129 DEBUG [2017-02-10 09:55:50]  http-outgoing-1 << "HTTP/1.1 200 OK[\r][\n]"
1130 DEBUG [2017-02-10 09:55:50]  http-outgoing-1 << "Server: nginx/1.10.1[\r][\n]"
1130 DEBUG [2017-02-10 09:55:50]  http-outgoing-1 << "Date: Fri, 10 Feb 2017 01:55:48 GMT[\r][\n]"
1130 DEBUG [2017-02-10 09:55:50]  http-outgoing-1 << "Content-Type: text/html; charset=UTF-8[\r][\n]"
1130 DEBUG [2017-02-10 09:55:50]  http-outgoing-1 << "Transfer-Encoding: chunked[\r][\n]"
1130 DEBUG [2017-02-10 09:55:50]  http-outgoing-1 << "Connection: keep-alive[\r][\n]"
1130 DEBUG [2017-02-10 09:55:50]  http-outgoing-1 << "Content-Encoding: gzip[\r][\n]"
1130 DEBUG [2017-02-10 09:55:50]  http-outgoing-1 << "[\r][\n]"
1130 DEBUG [2017-02-10 09:55:50]  http-outgoing-1 << "67a[\r][\n]"
1131 DEBUG [2017-02-10 09:55:50]  http-outgoing-1 << "[0x1f][0x8b][0x8][0x0][0x0][0x0][0x0][0x0][0x0][0x3][0x95]W[O[0x1b]G[0x18]}[0x86]_1Y[0xa9][0xa5][0x95][0xd8]][0xaf][0x8d]o[0xa9][0xed]<[0x90]([0xa2][0xad]Z[0xa4][0xf0]RE[0x11]Z[0xef][0x8e][0xed]!{[0xeb][0xee][0xac][0x81][0xa8][0xf][0x10][0xa5]mn4![0xa4][0xa9][0x82] [0x9]U[0xd2]B[0xda][0x6]R[0x95][0x86][0x92]P[0xa4][0xfe][0x95]xm[0xf3][0x94][0xbf][0xd0]ov[0xec]eMI[0xa0]H[0xc6];[0xdf][0xcc][0x9c][0xf9]n[0xe7][0xec][0xb8]p[0xe2][0xf4][0xe7][0xc3]c_[0x8c][0x9e]A5j[0x1a][0xa5][0xfe]B[0xf7][0xb][0xab]:[0x8c]LLU[0x98][0xa1][0x8e][0x88][0xbf][0xf4]I[0xbd]([0xc][0xdb][0x16][0xc5][0x16][0x15][0xc7][0xa6][0x1d], [0x8d][0x8f][0x8a][0x2][0xc5]STf[?BZMu=L[0x8b]>[0xad][0x88]9[0x1]0[0xc]b]D5[0x17]W[0x8a][0x2]C:)[0xcb][0x9e]D[0x1c]Q[0xd3]-I[0xb3]M[0x1][0xb9][0xd8]([\n]"
1131 DEBUG [2017-02-10 09:55:50]  http-outgoing-1 << "[0xba][0xe5][0x89][0xe][0xac][0xc1]T[0xab][0x9]H[0x86]m[0x94]P[0x3][0x97]FF%[0xcd]B"[0x1a][0x19]E[0xc1][0xd2]F[0xb0]<[0xd3]|[0xf8][0xa4][0xbd][0xfe]#[0xfa][0x8a][\r][[0xb7][0xbf]i[0xec][0xcc][0xb5]v[0x9e][0xc1][0xb0]y[0xed]Fsi;[0xd8][0xb9][0x13]<[0x0]S[0x5][0x99][0xef][0xef][0x84]`[0xa9]&.[\n]"
1131 DEBUG [2017-02-10 09:55:50]  http-outgoing-1 << "[0xae]][0xb6][0xa9][0x17]s[5[0xc]~X[0x18]'_[0xf4][0x9][0x9e][0x9e][0xb4]]=[0xbe][0x8c]8[0x83][0xc4][0xe1][0x7][0xf][0xf2]s[0xc0][0xd2]\[0xfa][0x15][0xe][0x84][0x87][0xe0][0xf1][0xbd][0xd6][0xce]|[0xb8]&[0xee]bgep[0xeb][0xc5]`[0xe4][0x15]KG[0xec][0xa8][0xd3][0xd8][0xd3]\[0xe2]Pb[1[0xa7][0x1a][[0xb][0x8d][0xad]E[0xe]0[0xee][0xd7]3[0xb3][0xdc][0x81][0xfd][0x9]0[0xc5]S[0xc1][0xdd][0x4]#d[0xac][0xf9][0xfd]Fs[0xee]Y[0xb0][0xbd][0x10]m[0x3]o"g[0xa2][0x95][0xad][0xbb][0x9b][0xed][0xf5]e[0x98]j=[0x9a][0xdd]{yeoe[0x93]O[0xbd]yu3[0xb8][0xb5][0xe][0xcf][0xc1]_[0xbb][0xc1][0xfc]u[0x0][0xd9]{[0xba][0xd8][0xbc][0xb6][0xc1]N[0xdc][0xfd]eo[0xe6][0xe][0xb3],[0xfc][0xd9]^[0xb9][0x9][0xf][0x8d][0xdd][0xe5][0xbd][0xfb]k[0xf0][0xd0][0xbc][0xba][0xb][0xfe]4[0xb6]f[0xc6][0xad][0xdf][0x1a]/op[0xfc][0xd7]3[0x97]{[0xbb]a[0xe0][0x90]n[0x90]5[0xcf][0x93][0xcb]6T[0x89][0xba][0xaa]#[0x99][0x4]z[0xc4][0xf3][0x6][0xc2][0x1e][0x19][0xf0][0xe8][0xb4][0x81][0xbd][0x1a][0xc6]t[0x0]Q[0xe8][0xbf][0xe2]@[0xd8]vlAo^[0xeb][0x4]O:[0xb6]KcI[0x9d]$:[0xad][0x15]u\'[0x1a][0x16][0xc3][0xc1] [0x2]tb[0xfa][0xa6][0xe8]i[0xaa][0x81][0x8b][0x9])}[0xa0]<[0x15][0xdb]5U*[0xea][0x98]b[0xed]@[0x8d](6[0xb0]S[0xb3]-\[0xb4]l[0xb6][0xeb][0x84]([0x9e]'[0x15]dP4r[0x6][0xe5].[0x80][0x85]W[0x16]y[0xae]vh[0xdb][0xcb][0x13][0x9e]LpN[0x9a][0xf0][0x84]RA[0xe6][0x8b][0x19][0xce]yl[0xe9][0xa4]rA[0x14]a[0xb0]O[0x9c][0xb7][0xa6][0xca]T[0xff]G[0x86][0xe4][0x1a]'u[0xd9][0xd6][0xa7][0x91]m}j[0xab]:[0x10][0xcf][0xd6]|[0x13][0x18]-U[0x18]+[0xa5][\n]"
1131 DEBUG [2017-02-10 09:55:50]  http-outgoing-1 << "[0xc][0xbd][0xf]>d1[0xe9][0xa4][0x8e]4C[0xf5][0xbc][0xa2][0xc0]x[0xe]'aW[0xac][0x18]>[0xd1]a[0xb6]/>[0xcd]p[0xb1][0xcb][0xac]}[0x5][0x90][0x8b][0x90][0xea]2[0xc4]E[0xcc][0xea][0xdb][0x13][0x0][0x93][0xb2]aWm[0xa9]J*,[0x7]*[0x3][0x95][0xe1][0xd0]R/:[0x8b][0xb1][0xac]v[0xe0]}[0xa3][0xeb][0x93][0xa5][0xd6][0x11]|D[0x87][0x18][0x86][0x87]4[0x8][0x1][0xdc][0xb][0x7][0xa1]#}[0x90][0xbe][0xee]R[0x15][0xca]W[0xc7]pH[0xcc]9F[0x8f]PJ[0xd8][0xc9][0x5][0xd9] [0xcc]{[0xb6]i[0x95]^[0x96][0x9c][0x9a]#[0x94]8[0xe3][0xa0][0x9d][0xe3]D[0x89][0xb8][0xf5][0x8e][0xfd][0x96]'1M[0x14]J[0xa7]?;[0xf7][0xf6]eZ[0xcd]rm[0x9f][0xe2][0xee]b&uWh[0xaf][0xac][0xc6][0xb7][0x14]d[0x1f][0xd4][0xf9][0xf0][0x4]yXu[0xb5][0x1a][0xeb]V^[0x2][0xf6][0x4][0xa9]a[0x8a]W[0x1][0x19]c[0xd1][0xdb]VQ [0x96][0x8e][0xa7][0xc2][0x88][0x10]hP[0xcd][0x86][0xe2][0x9f]=3[0x6][0x1c][0xe1]5f[0xbb]D[0xe][0xd5]I [0xb1][0x1c][0x9f]v[0x80][0x88]#p[0xce][0x85]R/ [0xc7]P5\[0xb3][\r][0xa8]{Qh[0xaf][0xbf]h[0xff][0xbd][0x10]|[0xfd][0xa4][0xfd][0xd3],Ojk[0xf1]J[0xf0][0xf0]ap{[0xae]y[0xf5][0xde][0xbe]TEgy[0x8e]j[0xa5]zN![0xe0][\r][0xf8][0x1a][0xd2]Z[0xf0][0xfc][0xb2]I[0x18]{[0xb9]gej![0xf8][0xc0][0xfb][0x81][0x98][0xaa];-[0xa0][0xba]j[0xf8][0x10][0x1c]?[0x8a][0xc7],3[0xf7][0xf7][0x13][0xd4][0xd7]i![0x6][0xeb]b[0xcf]7(T?[0xd6][0xd0][0x93][0x18][0x94][0xbf]TpJ[0xcd][0xcb][0xab][0xad][0xef]6[0x82][0xa5]U[0xf0][0x18][0x1c]}[0xf3]j[0xb1][0xa0][0xd9]:.e[0x14]I[0xc9])R:)%3[0x5]94[0x15]d'[0xdc]qm[0x6][0x96][0xc7]%7[0xda][0x14]<^k[0xfe][0xf1]$[0xd8][0xba][0x8c][0xda][0xb3]w[0xf7]f[0x16]{7[0x9e][0xc5][0xf6][0xc8][0xe8]I4FTk[0x82]X[0x83]h[0xb8]F,5[0x4][\r][0xbb][0xbe][0xb7][0xf7][0xb9]^[0x9]J"[0xf1][0x1e]T[0xd0] U( [0xef]q[0x1e]oG^[0xba]/[[0xa1]Z[0xbe]([0xf4]p[0xcd][0x91][0xa8]jM[0xb1]7[0xac][0x8c][0xa7]N[0x91][0xa2]i[0x8e]+[0xd9]T:[0x9d][0xcd][0xe5][0xc7][0x95]D.[0x9b]S[0xd2][0x99][0xf1]T&[0x9b]M*[0xf9][0x4][0xe3]_G[0x83]X[0xe6]zX[0x18][0xa6]P[0xb5][0xaa][0xc0][0x1f][0xc6][0xef]X[0x12]A5][\n]"
1132 DEBUG [2017-02-10 09:55:50]  http-outgoing-1 << "[0xce][0xc1][0x91]X[0x15]&[0x84]@[0xa1][0xe6][0xd2]L{w[0x9e][0xd7][0xe6]$[0x8a]([0xd7][0x11][0xfb][0xc9][0xc9]I&3[0x9a]%[0xc3][0x15] [0x9e][0xe4][0xe]S[0xe2]&[0xd6][0xff][0xef][0x6]P[0x14][0x5][0xea]#[0xa5]RR.[0xdd][0x1][0x88][0x9b][0x8e][0x1][0x90][0x1d][0x92][0x92][0xe9][0xb4][0xa4][0xa4][0xd2]Rrh[0xa8][0x8b][0xd1]k=[0x6][0x8c][0x2]}[0xa2][0x0]L[0x1a][0xda]&[0x9d][0xe8][0xc2][0xf4]Z[0x8f][0x7][0x93][0x1b][0x92][0x94]<|[0xe2] [0x91][0xed]8[0x10]Y[0x8]&#[0xe5]sR2[0x91][0x8b][0x1c][0x89][0x1b][0x8f][0x6]I*9)[0x9b][0x96][0xb2][0x90][0xd9]nJ[0xe2][0xa6][0xa3][0x1][0xc0][0x81]d[\n]"
1132 DEBUG [2017-02-10 09:55:50]  http-outgoing-1 << "[0xe2][0xc8][0x87][0xb1]p[\r][0xec][0xb1][0x1d][\r][0xa1]([0xe0]s6[0xb]U[0x81][0x12]'[0xe3][0x81]D[0xc6][0xe3][0x80]$[0xa5][0xc]`@6[0xd3][0x99][0x8]#f[0xb]![0xa0][0xab]y[0xc7]w[0xbf][0xfb]Q[0xe7]/[0xec][0xf6][0xa3][0xa8][0xc8][0x18][0xc1][0xd5]VW[0xbd][0x1a]{[[0x9][0x88][0x91][0x86][0x8d]D6[0x14][0x89].[0x2][0xe1]rC[0x95]H[0xd2][0xf6][0xe7][0x92][0x88]O[0x89]y)[0xcf]h[0xc8]^[0x80][0xdd][0xcb][0x3]W[0xc3][0xf0][0x92]3[0xa1][0xd6]U[0xce]P[0xc0][0xe8][0xdc][0xb0][0x5]~[0xc5][0xee][0xa1]=[0xe3][0x17][0x3][0x7][0xc2]j[0x86][0xed][0xeb][0xa1][0x0]xT[0xa5]D[0x93]u[0xef][0xc0]u#[\n]"
1132 DEBUG [2017-02-10 09:55:50]  http-outgoing-1 << "[0xb3][0x1b]~[0x8c][0xdc][0x15][0xb8][0x84]u[0xdf][0xe9] [0x93][0xec][0xb2];[0x17]\_[0x9][0xee][0xaf][0xb6][0xee]>[0xdf][~[0xd4][0xde]x[0xe][0x92][0xd9][0xd8][0x9e]ol[0xbd][0x84]{p/O=[0xb8][0xe4]3O[0xa6]}K[0xf7]m[0x89][0xd8][0xa0][0xec][0xaa][[0x85]_[0x5][0xc2]x[0xd9]P[0xad][0x8b]B[0x9]v6[0x97]6[0xc3][0xfc][0xb7]7[0x1f][0x4][0xd7][0xd7][0x98][0x12]2[0x81]qJ[0xff][0xac]%[0x13][0x89][0x8c][0x98]L([0x19][0x90]dv[0xff]?LELBh[0x19][0x83][0x98]JU[0xbb][0xce][0x4][0xe5][0xbf]g4:2<[0x1a]<[0xfe][0x16]8[0x99]H+[0xc9][0x1c][0xdc]q[0xc5][0x14]o[0x9b][0x8e][0x80][0xf6][0xdc][0xcf][0x94]<[0xe0]\[0xba][0x14][0xe5][0x8c][0xbd],OA)[0x95]d*[0x9b]M[0xbc]?[0x89][0xcb][0xe3][0xd1]H@[0x10]G[0xd5]W[0xab][0xf0]"[0xfa][0x18][0x8a]s.[0xbc][0xc9][0xc7][0x84][0x94][0xc7][0xd3][0xe9][0xac][0xe8][0x8b][0xdd][0xbd][0xe0]n[0x15][0xfe]V*[0xf5][0xff][0xb][0x8]mF[0xf7]~[\r][0x0][0x0][\r][\n]"
1132 DEBUG [2017-02-10 09:55:50]  http-outgoing-1 << HTTP/1.1 200 OK
1133 DEBUG [2017-02-10 09:55:50]  http-outgoing-1 << Server: nginx/1.10.1
1133 DEBUG [2017-02-10 09:55:50]  http-outgoing-1 << Date: Fri, 10 Feb 2017 01:55:48 GMT
1133 DEBUG [2017-02-10 09:55:50]  http-outgoing-1 << Content-Type: text/html; charset=UTF-8
1133 DEBUG [2017-02-10 09:55:50]  http-outgoing-1 << Transfer-Encoding: chunked
1133 DEBUG [2017-02-10 09:55:50]  http-outgoing-1 << Connection: keep-alive
1133 DEBUG [2017-02-10 09:55:50]  http-outgoing-1 << Content-Encoding: gzip
1133 DEBUG [2017-02-10 09:55:50]  Connection can be kept alive indefinitely
1136 DEBUG [2017-02-10 09:55:50]  http-outgoing-1 << "0[\r][\n]"
1136 DEBUG [2017-02-10 09:55:50]  http-outgoing-1 << "[\r][\n]"
1137 DEBUG [2017-02-10 09:55:50]  Connection [id: 1][route: {}->http://ip.cn:80] can be kept alive indefinitely
1138 DEBUG [2017-02-10 09:55:50]  Connection released: [id: 1][route: {}->http://ip.cn:80][total kept alive: 1; route allocated: 1 of 2; total allocated: 1 of 20]
1145 WARN  [2017-02-10 09:55:50]  <p>您现在的 IP：<code>61.181.52.26</code></p>
<p>所在地理位置：<code>天津市 联通</code></p>
<p>GeoIP: Tianjin, China</p>
1153 DEBUG [2017-02-10 09:55:50]  CookieSpec selected: default
1153 DEBUG [2017-02-10 09:55:50]  Auth cache not set in the context
1154 DEBUG [2017-02-10 09:55:50]  Connection request: [route: {}->http://ip.cn:80][total kept alive: 0; route allocated: 0 of 2; total allocated: 0 of 20]
1154 DEBUG [2017-02-10 09:55:50]  Connection leased: [id: 2][route: {}->http://ip.cn:80][total kept alive: 0; route allocated: 1 of 2; total allocated: 1 of 20]
1154 DEBUG [2017-02-10 09:55:50]  Opening connection {}->http://ip.cn:80
1154 DEBUG [2017-02-10 09:55:50]  Connecting to ip.cn/118.184.180.41:80
1179 DEBUG [2017-02-10 09:55:50]  Connection established 172.16.10.27:52667<->118.184.180.41:80
1179 DEBUG [2017-02-10 09:55:50]  Executing request GET / HTTP/1.1
1179 DEBUG [2017-02-10 09:55:50]  Target auth state: UNCHALLENGED
1179 DEBUG [2017-02-10 09:55:50]  Proxy auth state: UNCHALLENGED
1179 DEBUG [2017-02-10 09:55:50]  http-outgoing-2 >> GET / HTTP/1.1
1180 DEBUG [2017-02-10 09:55:50]  http-outgoing-2 >> Host: ip.cn
1180 DEBUG [2017-02-10 09:55:50]  http-outgoing-2 >> Connection: Keep-Alive
1181 DEBUG [2017-02-10 09:55:50]  http-outgoing-2 >> User-Agent: Mozilla/5.0 (Windows NT 10.0; WOW64) AppleWebKit/537.36 (KHTML, like Gecko) Chrome/54.0.2840.99 Safari/537.36
1181 DEBUG [2017-02-10 09:55:50]  http-outgoing-2 >> Accept-Encoding: gzip,deflate
1181 DEBUG [2017-02-10 09:55:50]  http-outgoing-2 >> "GET / HTTP/1.1[\r][\n]"
1181 DEBUG [2017-02-10 09:55:50]  http-outgoing-2 >> "Host: ip.cn[\r][\n]"
1181 DEBUG [2017-02-10 09:55:50]  http-outgoing-2 >> "Connection: Keep-Alive[\r][\n]"
1181 DEBUG [2017-02-10 09:55:50]  http-outgoing-2 >> "User-Agent: Mozilla/5.0 (Windows NT 10.0; WOW64) AppleWebKit/537.36 (KHTML, like Gecko) Chrome/54.0.2840.99 Safari/537.36[\r][\n]"
1181 DEBUG [2017-02-10 09:55:50]  http-outgoing-2 >> "Accept-Encoding: gzip,deflate[\r][\n]"
1181 DEBUG [2017-02-10 09:55:50]  http-outgoing-2 >> "[\r][\n]"
2129 DEBUG [2017-02-10 09:55:51]  http-outgoing-2 << "HTTP/1.1 200 OK[\r][\n]"
2129 DEBUG [2017-02-10 09:55:51]  http-outgoing-2 << "Server: nginx/1.10.1[\r][\n]"
2129 DEBUG [2017-02-10 09:55:51]  http-outgoing-2 << "Date: Fri, 10 Feb 2017 01:55:49 GMT[\r][\n]"
2129 DEBUG [2017-02-10 09:55:51]  http-outgoing-2 << "Content-Type: text/html; charset=UTF-8[\r][\n]"
2129 DEBUG [2017-02-10 09:55:51]  http-outgoing-2 << "Transfer-Encoding: chunked[\r][\n]"
2130 DEBUG [2017-02-10 09:55:51]  http-outgoing-2 << "Connection: keep-alive[\r][\n]"
2130 DEBUG [2017-02-10 09:55:51]  http-outgoing-2 << "Content-Encoding: gzip[\r][\n]"
2130 DEBUG [2017-02-10 09:55:51]  http-outgoing-2 << "[\r][\n]"
2130 DEBUG [2017-02-10 09:55:51]  http-outgoing-2 << "679[\r][\n]"
2131 DEBUG [2017-02-10 09:55:51]  http-outgoing-2 << "[0x1f][0x8b][0x8][0x0][0x0][0x0][0x0][0x0][0x0][0x3][0x95]WoO[0xdb]F[0x18][\r][0x9f][0xe2]jic[0x93][0xb0][0x1d];[0xe4][0xf]][0x92][0xbe]h[0xab][0x8a]m[0xda][0x90][0xca][0x9b][0xa9][0xaa][0x90]c_[0x92][0xa3][0x8e][0xed][0xd9][0xe7][0x0][0xd5]^@[0xd5]m[0xfd][0xc7]ZJ[0xd7][0xa9][0x8][0xda]2[0xb5][0x1b]t[[0xa1][0xd3]X[0x19]-C[0xda]Wi[0x9c][0x84]W[0xfd][\n]"
2131 DEBUG [2017-02-10 09:55:51]  http-outgoing-2 << "{[0xce][0xe7][0x18][0x87][0xd1][0x96]![0x85][0xf8][0x9e][0xbb][0xfb][0xdd][0xf3][0xef][0xf7][0xf3][0xa5]p[0xec][0xd4][0xe7]'[0xc7][0xbe][0x18]=[0x8d]j[0xb4]n[0x96][0xfa][0xb][0xdd]/[0xac][0x19]0[0xaa]c[0xaa][0xc1][0xc]uD[0xfc][0xa5]O[0x1a]E[0xe1][0xa4]mQlQql[0xda][0xc1][0x2][0xd2][0xf9][0xa8](P<Ee[0xb6][0xf5]#[0xa4][0xd7]4[0xd7][0xc3][0xb4][0xe8][0xd3][0x8a][0x98][0x17][0x0][0xc3]$[0xd6][0x5]Tsq[0xa5](0[0xa4][0xe3][0xb2][0xec]I[0xc4][0x11]u[0xc3][0x92]t[0xbb]. [0x17][0x9b]E[0xc1][0xb0]<[0xd1][0x81]5[0x98][0xea]5[0x1][0xc9][0xb0][0x8d][0x12]j[0xe2][0xd2][0xc8][0xa8][0xa4][HD#[0xa3](X[0xda][0x8][0x96]gZ[0xf][0x1e]w[0xd6]D_[0xb1]a[0xfb][0xd6]7[0xcd][0x9d][0xb9][0xf6][0xce]S[0x18][0xb6][0xae]^o-m[0x7];[0xb7][0x83]g[0xf7]a[0xaa] [0xf3][0xfd]Q[0x8][0x96]V[0xc7]E[0xc1][0xb5][0xcb]6[0xf5][0x12]nk[0xa6][0xc9][0xf][0xb][0xe3][0xe4][0x8b]>[0xc1][0xd3][0x93][0xb6]k$[0x97][0x11]g[0x90]8[0xfc][0xe0]A~[0xe]XZK[0xbf][0xc2][0x81][0xf0][0x10]<[0xba][0xdb][0xde][0x99][0xf][0xd7]$][0x8c]V[0x6]7[0x9f][0xf][0xc6]^[0xb1]t$[0x8e]:[0x85]=[0xdd]%[0xe]%[0xb6][0x95]p[0xaa][0xb9][0xb5][0xd0][0xdc]Z[0xe4][0xf0][0x7][0xe3]~53[0xcb][0x1d][0xd8][0x9f][0x0]S2[0x15][0xdc]M0B[0xc6]Z[0xdf]o[0xb4][0xe6][0x9e][0x6][0xdb][0xb][0xf1]6[0xf0]&v&^[0xd9][0xbe][0xb3][0xd9]Y_[0x86][0xa9][0xf6][0xc3][0xd9][0xbd][0x17][0x97][0xf7]V6[0xf9][0xd4][0xeb][0x97]7[0x82][0x9b][0xeb][0xf0][0x1c][0xfc][0xb5][0x1b][0xcc]_[0x3][0x90][0xbd]'[0x8b][0xad][0xab][0x1b][0xec][0xc4][0xdd]_[0xf6]fn3[0xcb][0xc2][0x9f][0x9d][0x95][0x1b][0xf0][0xd0][0xdc]][0xde][0xbb][0xb7][0x6][0xf][0xad]+[0xbb][0xe0]Os[0xfb]gf[0xdc][0xfa][0xad][0xf9][0xe2]:[0xc7]5s[0xa9][0xb7][0x1b][0x6][0xe][0xe9][0x6]Y[0xf7]<[0xb9]lC[0x95][0xa8][0xab]9R[0x9d]@[0x8f]x[0xde]@[0xd8]#[0x3][0x1e][0x9d]6[0xb1]W[0xc3][0x98][0xe] [\n]"
2131 DEBUG [2017-02-10 09:55:51]  http-outgoing-2 << "[0xfd]W[0x1c][0x8][0xdb][0x8e]-[0xe8][0xcd]k[0x83][0xe0]I[0xc7]vi"[0xa9][0x93][0xc4][0xa0][0xb5][0xa2][0x81][0x1b]D[0xc7]b8[0x18]D[0x80]N[0xea]~][0xf4]t[0xcd][0xc4][0xc5][0x94][0x94]9P[0x9e][0x8a][0xed][0xd6]5*[0x1a][0x98]b[0xfd]@[0x8d](6[0xb1]S[0xb3]-\[0xb4]l[0xb6][0xeb][0x98]([0x9e]#[0x15]dR4r[0x1a][0xe5][0xcf][0x83][0x85]W[0x16]y[0xae]~h[0xdb][0xcb][0x13][0x9e]Lp^[0x9a][0xf0][0x84]RA[0xe6][0x8b][0x19][0xce]9l[0x19][0xa4]r^[0x14]a[0xb0]O[0x9c]7[0xa6][0xaa][0xae][0xfd][0x8f][0xc][0xc9]5N[0xea][0xb2]mL#[0xdb][0xfa][0xd4][0xd6][0xc] [0x9e][0xad][0xfb]u`[0xb4]Ta[0xac][0x94]*0[0xf4]>[0xf8][0x90][0xc5]d[0x90][0x6][0xd2]M[0xcd][0xf3][0x8a][0x2][0xe3]9[0x9c][0x84]][0xb1]b[0xfa][0xc4][0x80][0xd9][0xbe][0xe4]4[0xc3][0xc5].[0xb3][0xf6][0x15]@.B[0xaa][0xcb][0x10][0x17][0xa9]W[0xdf][0x9c][0x0][0x98][0x94]M[0xbb]jKURa9[0xd0][0x18][0xa8][0xc][0x87][0x96][0xfa]{[0xd1]Y[0x8c]e-[0x82][0xf7][0xcd][0xae]O[0x96][0xd6]@[0xf0][0x11][0x1d]b[0x9a][0x1e][0xd2]![0x4]p/[0x1c][0x84][0x8e][0xf4]A[0xfa][0xba]K5(_[0x3][0xc3]![0x9][0xe7][0x18]=B)a'[0x17]d[0x93]0[0xef][0xd9][0xa6][0xfd]UFYrj[0x8e]P[0xe2][0x8c][0x83]vN[0x12]%[0xe6][0xd6][[0xf6][[0x9e][0xc4]4Q([0x9d][0xfa][0xec][0xec][0x9b][0x97][0xe9]5[0xcb][0xb5]}[0x8a][0xbb][0x8b][0x99][0xd4]][0xf9][0xa1][0xb3][0xb2][0x9a][0xdc]R[0x90]}P[0xe7][0xc3][0x13][0xe4]a[0xcd][0xd5]k[0xac][y[0x9][0xd8][0x13][0xa4][0x86])^[0x5]d[0x8c]Eo[E[0x81]X[0x6][0x9e][\n]"
2131 DEBUG [2017-02-10 09:55:51]  http-outgoing-2 << "#B[0xa0]A5[0x1b][0x8a][0xe6][0xf4][0x18]p[0x84][0xd7][0x98][0xed][0x12]9T[0x94]@b9>[0x8d][0x80][0x88]#p[0xce][0x85]R/ [0xc7][0xd4]t\[0xb3]M[0xa8]{Q[0xe8][0xac]?[0xef][0xfc][0xbd][0x10]|[0xfd][0xb8][0xf3][0xd3],Oj{[0xf1]r[0xf0][0xe0]Apk[0xae]u[0xe5][0xee][0xbe]T[0xc5]gy[0x8e]f[0xa5]{N![0xe0][\r][0xf8][0x1a][0xd2]Z[0xf0][0xfc]r[0x9d]0[0xf6]r[0xcf][0xca][0xd4]B[0xf0][0x81][0xf7][0x3][0xa9]k[0xee][0xb4][0x80][0x1a][0x9a][0xe9]Cp[0xfc]([0x1e][0xb3][0xcc][0xdc][0xdf]OP_[0xd4]B[0xc][0xd6][0xc5][0x9e]oR[0xa8]~[0xa2][0xa1]'1([0xa9][0xe0][0x94]Z[0x97]V[0xdb][0xdf]m[0x4]K[0xab][0xe0]18[0xfa][0xfa][0xe5]bA[0xb7][\r]\[0xca]*[0x92][0x92]W[0xa4][0x8c]*[0xa9][0xd9][0x82][0x1c][0x9a][\n]"
2133 DEBUG [2017-02-10 09:55:51]  http-outgoing-2 << "[0xb2][0x13][0xee][0xb8]:[0x3][0xcb][0x93][0x92][0x1b]o[\n]"
2134 DEBUG [2017-02-10 09:55:51]  http-outgoing-2 << "[0x1e][0xad][0xb5][0xfe]x[0x1c]l]B[0x9d][0xd9];{3[0x8b][0xbd][0x1b][0xcf]`{d[0xf4]8[0x1a]#[0x9a]5A[0xac]At[0xb2]F,-[0x4][\r][0xbb][0xbe][0xb7][0xf7][0xb9]^[0x9]J*[0xf5][0x1e]T[0xd0]$U( [0xef]q[0x1e]o$/[0xdd][0x97][0xad]P-_[0x10]z[0xb8][0xe6]HT[0xb3][0xa6][0xd8][0x1b]V[0xc6]S'H[0xb1]^[0x1f]Wr[0xe9]L&[0x97][0x1f][0x1e]WR[0xf9]\^[0xc9]d[0xc7][0xd3][0xd9]\NU[0x86]S[0x8c][0x91][0x6][0xb1][0xcc][0xf5][0xb0]0L[0xa1]fU[0x81]?[0x8c][0xdf][0x89]$[0x82]j[0xba][0x14][0x9c][0x83][0xff]"[0xb1]*L[0x8][0x81]B[0xad][0xa5][0x99][0xce][0xee]<[0xaf][0xcd]q[0x14]S.[0x12][0xfb][0xc9][0xc9]I&3[0xba]%[0xc3][0x15] [0x99][0xe4][0x88])I[0x13][0xeb][0xff][0xb7][0x3]([0x8a]*[0xe5][0x87]$e[0x18]>[0xa9][0x8][0xa1][0xc7][0xf6]n[0x8]UMK[0xb9][0xb4][0x94][0xcf]IJ6[0x1f]A[0xf4][0xd8][0x8e][0x2][0xa1]J[0xd9]!)-e[0xe2][0xfd]][0xc3]Q6[0xb3]N[0x83]6K[0xe7]%U[0x19][0x8a][0x11]z[0xac][0xef][0x86]Q[0x14][0x8] [0x97][0x93][0xd4]!ER[0xd5]8[0x15]I[0xe3][0x11]@[0x86][0xc0][0x85][0xc][0xe0]@0[0xd9].F[0xd2]v[0x4][0x88]|JR[0x86]T[0xc0][0x80][0xa8][0xba][0xf9]Pz[0x8c]G[0x0][0x81][0x8a][0xe6][0x1][0x86]y[0x1f][0xc7][0x92][0xb4][0x1d][0x1]B[0x81][0x4][0xe6]XYT5[0xe]%i[0xb]![0xa0][0x9f]y[0xaf]w[0xbf][0xfb]Q[0xf4][0x17][0xf6][0xf9][0xbb]H[0xc8][0xb8][0xc0]u[0xd6][0xd0][0xbc][0x1a]{O[0x9][0x88][0xd1][0x85][0x8d]D6[0x14][0x89]![0x2][0xd5][0xf2]C[0x95]X[0xcc][0xf6][0xe7]T[0xc4][0xa7][0xc4]ai[0x98][0x11][0x90][0xbd][0xfa][0xba][0xd7][0x6][0xae][0x83][0xe1][0xf5]fBkh[0x9c][0x9b][0x80][0x11][0xdd][0xad][0x5]~[0xb9][0xee]!<c[0x16][0x3][0x7][0xaa][0xea][0xa6][0xed][0x1b]![0xf5]=[0xaa]Q[0xa2][0xcb][0x86]w[0xe0][0xa2][0x11][0x87][0xd9][\r]?A[0xeb][\n]"
2134 DEBUG [2017-02-10 09:55:51]  http-outgoing-2 << "\[0xbf][0xba]os[0x10]Hv[0xcd][0x9d][0xb][0xae][0xad][0x4][0xf7]V[0xdb]w[0x9e][0xed]-?[0xec]l<[0x3][0xb1]ln[0xcf]7[0xb7]^[0xc0][\r][0xb8][0x97][0xa1][0x1e]\[0xef][0x99]'[0xd3][0xbe]e[0xf8][0xb6]Dl[0xd0]t[0xcd][0xad][0xc2][0xef][0x1]a[0xbc]lj[0xd6][0x5][0xa1][0x4];[K[0x9b]a[0xfe];[0x9b][0xf7][0x83]kkL[0x3][0x99][0xb4]8[0xa5][0xd6][0xd4]T*+[0xaa])%[0xb]b[0xcc]n[0xfe][0x87][0xe9]G[0x9d][0x10]Z[0xc6] [0xa3]R[0xd5]n0)[0xf9][0xef][0x19][0xad][0xdf][0x9f][0x8c][0x9c][0x1c][\r][0x1e]}[0xab]dR[0xa9][0x8c][0xa2][0xe6][0xe1]v+[0xa6]y[0xdb]D[0xd2][0xd9]s3S[0x86][0x1][0xe7][0xe2][0xc5]8g[0xec]5y[0x2]J[0xa9][0xa8][0xe9]\.[0xf5][0xfe]$.[0x8f][0xc7]#[0x1]A[0x1c]U_[0xab][0xc2]+[0xe8]c([0xce][0xd9][0xf0][0xe][0x9f][0x90]P[0x1e]O[0xd4]Y[0xf1][0x17][0xbb]u[0xc1][0xad]*[0xfc][0x95]T[0xea][0xff][0x17][0xc3][0x86][0x1f]x[\r][0x0][0x0][\r][\n]"
2134 DEBUG [2017-02-10 09:55:51]  http-outgoing-2 << "0[\r][\n]"
2134 DEBUG [2017-02-10 09:55:51]  http-outgoing-2 << "[\r][\n]"
2135 DEBUG [2017-02-10 09:55:51]  http-outgoing-2 << HTTP/1.1 200 OK
2135 DEBUG [2017-02-10 09:55:51]  http-outgoing-2 << Server: nginx/1.10.1
2135 DEBUG [2017-02-10 09:55:51]  http-outgoing-2 << Date: Fri, 10 Feb 2017 01:55:49 GMT
2135 DEBUG [2017-02-10 09:55:51]  http-outgoing-2 << Content-Type: text/html; charset=UTF-8
2135 DEBUG [2017-02-10 09:55:51]  http-outgoing-2 << Transfer-Encoding: chunked
2135 DEBUG [2017-02-10 09:55:51]  http-outgoing-2 << Connection: keep-alive
2135 DEBUG [2017-02-10 09:55:51]  http-outgoing-2 << Content-Encoding: gzip
2135 DEBUG [2017-02-10 09:55:51]  Connection can be kept alive indefinitely
2136 DEBUG [2017-02-10 09:55:51]  Connection [id: 2][route: {}->http://ip.cn:80] can be kept alive indefinitely
2136 DEBUG [2017-02-10 09:55:51]  Connection released: [id: 2][route: {}->http://ip.cn:80][total kept alive: 1; route allocated: 1 of 2; total allocated: 1 of 20]
2151 WARN  [2017-02-10 09:55:51]  <p>您现在的 IP：<code>61.181.52.26</code></p>
<p>所在地理位置：<code>天津市 联通</code></p>
<p>GeoIP: Tianjin, China</p>
2173 DEBUG [2017-02-10 09:55:51]  CookieSpec selected: default
2173 DEBUG [2017-02-10 09:55:51]  Auth cache not set in the context
2174 DEBUG [2017-02-10 09:55:51]  Connection request: [route: {}->http://ip.cn:80][total kept alive: 0; route allocated: 0 of 2; total allocated: 0 of 20]
2174 DEBUG [2017-02-10 09:55:51]  Connection leased: [id: 3][route: {}->http://ip.cn:80][total kept alive: 0; route allocated: 1 of 2; total allocated: 1 of 20]
2174 DEBUG [2017-02-10 09:55:51]  Opening connection {}->http://ip.cn:80
2175 DEBUG [2017-02-10 09:55:51]  Connecting to ip.cn/118.184.180.41:80
2182 DEBUG [2017-02-10 09:55:51]  Connection manager is shutting down
2183 DEBUG [2017-02-10 09:55:51]  http-outgoing-2: Close connection
2183 DEBUG [2017-02-10 09:55:51]  http-outgoing-2: Close connection
2183 DEBUG [2017-02-10 09:55:51]  Connection manager shut down
2183 DEBUG [2017-02-10 09:55:51]  Connection manager is shutting down
2183 DEBUG [2017-02-10 09:55:51]  http-outgoing-1: Close connection
2184 DEBUG [2017-02-10 09:55:51]  http-outgoing-1: Close connection
2184 DEBUG [2017-02-10 09:55:51]  Connection manager shut down
2185 DEBUG [2017-02-10 09:55:51]  Connection manager is shutting down
2185 DEBUG [2017-02-10 09:55:51]  http-outgoing-0: Close connection
2186 DEBUG [2017-02-10 09:55:51]  http-outgoing-0: Close connection
2186 DEBUG [2017-02-10 09:55:51]  Connection manager shut down
2205 DEBUG [2017-02-10 09:55:51]  Connection established 172.16.10.27:52670<->118.184.180.41:80
2206 DEBUG [2017-02-10 09:55:51]  Executing request GET / HTTP/1.1
2206 DEBUG [2017-02-10 09:55:51]  Target auth state: UNCHALLENGED
2206 DEBUG [2017-02-10 09:55:51]  Proxy auth state: UNCHALLENGED
2206 DEBUG [2017-02-10 09:55:51]  http-outgoing-3 >> GET / HTTP/1.1
2206 DEBUG [2017-02-10 09:55:51]  http-outgoing-3 >> Host: ip.cn
2206 DEBUG [2017-02-10 09:55:51]  http-outgoing-3 >> Connection: Keep-Alive
2206 DEBUG [2017-02-10 09:55:51]  http-outgoing-3 >> User-Agent: Mozilla/5.0 (Windows NT 10.0; WOW64) AppleWebKit/537.36 (KHTML, like Gecko) Chrome/54.0.2840.99 Safari/537.36
2206 DEBUG [2017-02-10 09:55:51]  http-outgoing-3 >> Accept-Encoding: gzip,deflate
2207 DEBUG [2017-02-10 09:55:51]  http-outgoing-3 >> "GET / HTTP/1.1[\r][\n]"
2207 DEBUG [2017-02-10 09:55:51]  http-outgoing-3 >> "Host: ip.cn[\r][\n]"
2207 DEBUG [2017-02-10 09:55:51]  http-outgoing-3 >> "Connection: Keep-Alive[\r][\n]"
2207 DEBUG [2017-02-10 09:55:51]  http-outgoing-3 >> "User-Agent: Mozilla/5.0 (Windows NT 10.0; WOW64) AppleWebKit/537.36 (KHTML, like Gecko) Chrome/54.0.2840.99 Safari/537.36[\r][\n]"
2207 DEBUG [2017-02-10 09:55:51]  http-outgoing-3 >> "Accept-Encoding: gzip,deflate[\r][\n]"
2207 DEBUG [2017-02-10 09:55:51]  http-outgoing-3 >> "[\r][\n]"
3121 DEBUG [2017-02-10 09:55:52]  http-outgoing-3 << "HTTP/1.1 200 OK[\r][\n]"
3121 DEBUG [2017-02-10 09:55:52]  http-outgoing-3 << "Server: nginx/1.10.1[\r][\n]"
3121 DEBUG [2017-02-10 09:55:52]  http-outgoing-3 << "Date: Fri, 10 Feb 2017 01:55:50 GMT[\r][\n]"
3122 DEBUG [2017-02-10 09:55:52]  http-outgoing-3 << "Content-Type: text/html; charset=UTF-8[\r][\n]"
3123 DEBUG [2017-02-10 09:55:52]  http-outgoing-3 << "Transfer-Encoding: chunked[\r][\n]"
3123 DEBUG [2017-02-10 09:55:52]  http-outgoing-3 << "Connection: keep-alive[\r][\n]"
3124 DEBUG [2017-02-10 09:55:52]  http-outgoing-3 << "Content-Encoding: gzip[\r][\n]"
3124 DEBUG [2017-02-10 09:55:52]  http-outgoing-3 << "[\r][\n]"
3125 DEBUG [2017-02-10 09:55:52]  http-outgoing-3 << "67a[\r][\n]"
3125 DEBUG [2017-02-10 09:55:52]  http-outgoing-3 << "[0x1f][0x8b][0x8][0x0][0x0][0x0][0x0][0x0][0x0][0x3][0x95]W[O[0x1b]G[0x14]~[0x86]_1Y[0xa9][0xa5][0x95][0xd8]][0xaf][0x8d]o[0xa9][0xed]<[0x90]([0xa2][0xad]Z[0xa4][0xf0]RE[0x11]Z[0xef][0x8e][0xed]!{[0xeb][0xee][0xd8]@[0xd4][0x7][0x88][0xd2]67[0x9a][0x10][0xd2]TA[0x90][0x84]*i!m[0x3][0xa9]JCI(R[0xff]J[0xbc][0xb6]y[0xca]_[0xe8][0x99][0x9d][0xb5][0xd9][0xa5]$P[0xa4]ew[0xce][0xcc][0xf9][0xe6][0xdc][0xbe]3[0xe3][0xc2][0x89][0xd3][0x9f][0xf][0x8f]}1z[0x6][0xd5][0xa8]i[0x94][0xfa][0xb][0xdd][0x17]Vu[0x18][0x99][0x98][0xaa]0C[0x1d][0x11]Y'[0x8d][0xa2]0l[[0x14][T[0x1c][0x9b]v[0xb0][0x80]4>*[\n]"
3126 DEBUG [2017-02-10 09:55:52]  http-outgoing-3 << "[0x14]OQ[0x99][0xa9]~[0x84][0xb4][0x9a][0xea]z[0x98][0x16][0xeb][0xb4]"[0xe6][0x4][0xc0]0[0x88]u[0x11][0xd5]\\)[\n]"
3126 DEBUG [2017-02-10 09:55:52]  http-outgoing-3 << "[0xc][0xe9][0xa4],{[0x12]qDM[0xb7]$[0xcd]6[0x5][0xe4]b[0xa3]([0xe8][0x96]':[0xb0][0x6]S[0xad]& [0x19][0xd4]([0xa1][0x6].[0x8d][0x8c]J[0x9a][0x85]D42[0x8a][0xfc][0xa5][\r]y[0xa6][0xf5][0xf0]Ig[0xfd]G[0xf4][0x15][0x1b][0xb6]o[0xd3][0xdc][0x99]k[0xef]<[0x83]a[0xeb][0xda][0x8d][0xd6][0xd2][0xb6][0xbf]s[0xc7][0xfe][0x0][0xa6][\n]"
3126 DEBUG [2017-02-10 09:55:52]  http-outgoing-3 << "2[0xd7][0xf]][0xb0]T[0x13][0x17][0x5][0xd7].[0xdb][0xd4][0x8b][0x98][0xad][0x1a][0x6][0xdf],[0xf0][0x93]/[0xfa][0x4]OO[0xda][0xae][0x1e]]F[0x9c]A[0xe2][0xf0][0x8d][0x7][0xf9]> i-[0xfd][\n]"
3127 DEBUG [2017-02-10 09:55:52]  http-outgoing-3 << "[0x1b][0xc2][0x87][0xff][0xf8]^{g>X[0x13]51\[0xe9][0xdf]z1[0xd8][0xb3][0x8a][0x85]#[0xb2][0xd5]i[0xec]i.q([0xb1][0xad][0x88]Q[0xcd][0xad][0x85][0xe6][0xd6]"[0x87]?[0xe8][0xf7][0xeb][0x99]Yn[0xc0][0xfe][0x4][0x88][0xa2][0xa1][0xe0]f[0x82][0x10]"[0xd6][0xfa]~[0xa3]5[0xf7][0xcc][0xdf]^[0xe8][0xa9][0x81]5=cz+[0xdb]w7;[0xeb][0xcb]0[0xd5]~4[0xbb][0xf7][0xf2][0xca][0xde][0xca]&[0x9f]z[0xf3][0xea][0xa6]k[0x1d][0xbe][0xfd][0xbf]v[0xfd][0xf9][0xeb][0x0][0xb2][0xf7]t[0xb1]um[0x83][0xed][0xb8][0xfb][0xcb][0xde][0xcc][0x1d]&Y[0xf8][0xb3][0xb3]r[0x13]>[0x9a][0xbb][0xcb]{[0xf7][0xd7][0xe0][0xa3]uu[0x17][0xec]in[0xff][0xcc][0x84][[0xbf]5_[0xde][0xe0][0xf8][0xaf]g.[0xc7][0xab]a[0xe0][0x90]j[0x90]5[0xcf][0x93][0xcb]6d[0x89][0xba][0xaa]#[0x99][0x4]j[0xc4][0xf3][0x6][0x82][0x1a][0x19][0xf0][0xe8][0xb4][0x81][0xbd][0x1a][0xc6]t[0x0]Q[0xa8][0xbf][0xe2]@PvlA<[0xae][\r][0x82]'[0x1d][0xdb][0xa5][0x91][0xa0]N[0x12][0x9d][0xd6][0x8a]:n[0x10][\r][0x8b][0xc1]`[0x10][0x1]:1[0xeb][0xa6][0xe8]i[0xaa][0x81][0x8b][0x9])} =[0x15][0xdb]5U*[0xea][0x98]b[0xed]@[0x8e](6[0xb0]S[0xb3]-\[0xb4]l[0xa6]uB[0x14][0xcf][0x93][\n]"
3128 DEBUG [2017-02-10 09:55:52]  http-outgoing-3 << "2([0x1a]9[0x83]r[0x17]@[0xc2]3[0x8b]<W;[0xb4][0xec][0xe5][0x9]O&8'MxB[0xa9] [0xf3][0xc5][0xc][0xe7]<[0xb6]tR[0xb9] [0x8a]0[0xd8]'[0xce][Ce[0xaa][0xff]#Br[0x8d][0x93][0xba]l[0xeb][0xd3][0xc8][0xb6]>[0xb5]U[0x1d][0x88]gku[0x13][0x18]-U[0x18]+[0xa5][\n]"
3128 DEBUG [2017-02-10 09:55:52]  http-outgoing-3 << "[0xc][0xbd][0xf]>d>[0xe9][0xa4][0x81]4C[0xf5][0xbc][0xa2][0xc0]x[0xe];aW[0xac][0x18]u[0xa2][0xc3]l_t[0x9a][0xe1]b[0x97]I[0xfb][\n]"
3129 DEBUG [2017-02-10 09:55:52]  http-outgoing-3 << "[0xd0].[0x2][0xaa][0xcb][0xe0][0x17]1[0xab]o[0xf][0x0]L[0xca][0x86]][0xb5][0xa5]*[0xa9][0xb0][0x18][0xa8][0xc]T[0x86]MK[0xfd]qt[0xe6]cY[\r][0xe1][0xeb]F[0xd7]&Km xD[0x87][0x18][0x86][0x87]4p[0x1][0xcc][0xb][0x6][0x81]!}[0x10][0xbe][0xee]R[0x15][0xd2][0xd7][0xc0][0xb0]I[0xc4]8F[0x8f][0xa0][0x95][0xb0][0x9d][0xb][0xb2]A[0x98][0xf5]Li[0x95]^[0x96][0x9c][0x9a]#[0x94]8[0xe3][0xa0][0x9c][0xa3]D[0xe9]q[0xeb][0x1d][0xfa][0x96]'[0xb1][0x9e]([0x94]Nv[0xee][0xed][0xcb][0xb4][0x9a][0xe5][0xda]u[0x8a][0xbb][0x8b]Y[0xab][0xbb][0xfa]Cge5[0xaa]R[0x90][0xeb][0xd0][0x9d][0xf][0xf][0x90][0x87]UW[0xab][0xb1]j[0xe5])`_[0x10][0x1a][0xd6][0xf1]*[0xd0][0xc6][0x98][0xf7][0xb6]U[0x14][0x88][0xa5][0xe3][0xa9][0xc0]#[0x4]=[0xa8]fC[0xf2][0xcf][0x9e][0x19][0x3][0x8e][0xf0][0x1c]3-[0x91]C[0x85][0x1]$[0x96]S[0xa7]![0x10]q[0x4][0xce][0xb9][0xa0][0xd5][0xb][0xc8]1T[\r][0xd7]l[0x3][0xf2]^[0x14]:[0xeb]/:/[0xf8]_?[0xe9][0xfc]4[0xcb][0x83][0xda]^[0xbc][0xe2]?|[0xe8][0xdf][0x9e]k][0xbd][0xb7][0xdf][0xaa]z{y[0x8e]j[0xa5]b[0xbb][0x10][0xb0][0x6]l[\r]h-x[0xf5][0xb2]I[0x18]{[0xb9]eej!x[0xe0]| [0xa6][0xea]N[0xb][0xa8][0xa1][0x1a]up[0x8e]o[0xc5]}[0x96][0x99][0xf9][0xfb][0x1][0xea][0xb]K[0x88][0xc1][0xba][0xd8][0xab][0x1b][0x14][0xb2][0x1f])[0xe8]I[0xc][0x9d][0xbf]TpJ[0xad][0xcb][0xab][0xed][0xef]6[0xfc][0xa5]U[0xb0][0x18][0xc]}[0xf3]j[0xb1][0xa0][0xd9]:.e[0x14]I[0xc9])R:)%3[0x5]9[0x10][0x15]d'[0xd0][0xb8]6[0x3][0xcb][0xa3]-[0xb7][0xa7][0xe4]?^k[0xfd][0xf1][0xc4][0xdf][0xba][0x8c]:[0xb3]w[0xf7]f[0x16][0xe3][0x8a]g[0xb1]=2z[0x12][0x8d][0x11][0xd5][0x9a] [0xd6] [0x1a][0xae][0x11]K[\r]@[0x83][0xaa][0x8f][0xd7]>[0xef]W[0x82][0x92]H[0xbc][0x7][0x19]4H[0x15][0x12][0xc8]k[0x9c][0xfb][0x1b][0xb6][0x97][0xee]a+T[0xcb][0x17][0x85][0x18][0xd7][0x1c][0x89][0xaa][0xd6][0x14];ae<u[0x8a][0x14]Ms\[0xc9][0xa6][0xd2][0xe9]l.?[0xae]$r[0xd9][0x9c][0x92][0xce][0x8c][0xa7]2[0xd9]lR[0xc9]'[0x18][0xff][0xc2][0x1e][0xc4]"[0x17]ca[0x10]B[0xd5][0xaa][0x2][0x18][0xbf]#A[0x84][0xae][0xe9]R0[0xe][0xfe][0x8b][0xc4][0xaa][0xb0]F[0x8][0x14]j-[0xcd]tv[0xe7]ynN[0xa2][0x1e][0xe5][0xc2]f?99[0xc9][0xda][0x8c]f[0xc9]p[0x5][0x88][0x6]9dJT[0xc4][0xea][0xff][0xdd][0x0][0x8a][0x92][0x94]rC[0x92][0x92][0x87]'[0x11]"[0xc4]d[0xc7][0x83]He[0xa5]d"#[\r][\r]E z[0xb2]c@d[0x15])[0xa9]d[0xa4]l[0xe][0xac][0xe8]a[0xc4][0x84]G[0x83]$[0xc1][0x86]dFJ[0xa6]R[0x92][0x92][0xca][0x84][0x86][0xc4][0x85]G[0x83]([0x12][0xdb][0x15][0xb4][0xf2]J[0xd7][0x95]}[0xc9]1[0xd4][0x95][0xac][0xa4]d[0xc1][0x90]![0x86][0xd2]E[0x88][0x9][0x8f][0x1][0x2][0x9a][0xcc][0x13]%3[0x4][0xef]\[0x17]%.=[0x6]L"[0x7][0xc1]H@b  [0x89]t[0x17]&.=[0x1a]f(/eS[0x0][0x2][0xa7]{[0x8][0x11][0x91][0x4][0xea]P[0xd3][0xbc][0xde][0xbb][0xef]~[0x14][0xfe][0x5][0xb5]~[0x14][0x11][0x19][0x1f]x[0xaf][0xd5]U[0xaf][0xc6][0xce]*[0x1]1[0xca][0xb0][0x91][0xc8][0x86]"[0xd1]E[0xa0][n[0xa8][0xd2]kh[0xfb]sI[0xc4][0xa7][0xc4][0xbc][0x94]g$d[0xc7]_[0xf7][0xea][0xc0]{ap[0xc5][0x99]P[0x1b]*[0xe7]'`[0x84][0xf7]k[0x81]_[0xb0]c[0xa4]g[0xec]b[0xe0]@W[0xcd][0xb0][0xeb]z@[0x8f][0xaa][0x94]h[0xb2][0xee][0x1d][0xb8]l[0xf4][0xdc][0xec][0xba][0x1f][0xa1]v[0x5][0xae]`[0xdd][0x13][0x1d][0x9a]$[0xbb][0xea][0xce][0xf9][0xd7]W[0xfc][0xfb][0xab][0xed][0xbb][0xcf][0xf7][0x96][0x1f]u6[0x9e]C[0xc3]ln[0xcf]7[0xb7]^[0xc2]-8[0xce]R[0xf][0xae][0xf8][0xcc][0x92][0xe9][0xba][0xa5][0xd7]m[0x89][0xd8][0xd0][0xd7]U[0xb7][\n]"
3131 DEBUG [2017-02-10 09:55:52]  http-outgoing-3 << "[0xbf][0x9][0x84][0xf1][0xb2][0xa1]Z[0x17][0x85][0x12]h[0xb6][0x96]6[0x83][0xf8]w6[0x1f][0xf8][0xd7][0xd7]X[0x1f]d[0xed][0xc5])[0xfd][0xb3][0x6][0xd9][0xca][0x88][0xc9][0x84][0x92][0x81][0x86][0xcc]n[0xff][0x87][0xf5][0x10][0x93][0x10]Z[0xc6][0xd0]J[0xa5][0xaa][0xdd]`[0xed][0xe4][0xbf]{[0xb4]~:2<[0xea]?[0xfe]VI'[0x12]i%[0x99][0x83][0x1b][0xae][0x98][0xe2]%[0x13][0xb6][0xcf][0xd8][0xed]L[0xc9][0x3][0xce][0xa5]K[0xbd][0x98][0xb1][0xa3][0xf2][0x14][0xa4]RI[0xa6][0xb2][0xd9][0xc4][0xfb][0x93][0xb8]<[0xde][0x1b][0x9][0x8][0xfc][0xa8][0xd6][0xd5]*[0x1c]C[0x1f]Cr[0xce][0x5][0xf7][0xf8]H[0x1b][0xe5][0xfe][0x84][0x95][0xd5]{[0xb1][0x9b][0x17][0xdc][0xac][0x82]_J[0xa5][0xfe][0x1][0xde]v[0x19][0xc6]|[\r][0x0][0x0][\r][\n]"
3132 DEBUG [2017-02-10 09:55:52]  http-outgoing-3 << HTTP/1.1 200 OK
3132 DEBUG [2017-02-10 09:55:52]  http-outgoing-3 << Server: nginx/1.10.1
3132 DEBUG [2017-02-10 09:55:52]  http-outgoing-3 << Date: Fri, 10 Feb 2017 01:55:50 GMT
3133 DEBUG [2017-02-10 09:55:52]  http-outgoing-3 << Content-Type: text/html; charset=UTF-8
3133 DEBUG [2017-02-10 09:55:52]  http-outgoing-3 << Transfer-Encoding: chunked
3133 DEBUG [2017-02-10 09:55:52]  http-outgoing-3 << Connection: keep-alive
3133 DEBUG [2017-02-10 09:55:52]  http-outgoing-3 << Content-Encoding: gzip
3134 DEBUG [2017-02-10 09:55:52]  Connection can be kept alive indefinitely
3136 DEBUG [2017-02-10 09:55:52]  http-outgoing-3 << "0[\r][\n]"
3136 DEBUG [2017-02-10 09:55:52]  http-outgoing-3 << "[\r][\n]"
3137 DEBUG [2017-02-10 09:55:52]  Connection [id: 3][route: {}->http://ip.cn:80] can be kept alive indefinitely
3137 DEBUG [2017-02-10 09:55:52]  Connection released: [id: 3][route: {}->http://ip.cn:80][total kept alive: 1; route allocated: 1 of 2; total allocated: 1 of 20]
3152 WARN  [2017-02-10 09:55:52]  <p>您现在的 IP：<code>61.181.52.26</code></p>
<p>所在地理位置：<code>天津市 联通</code></p>
<p>GeoIP: Tianjin, China</p>
3156 DEBUG [2017-02-10 09:55:52]  CookieSpec selected: default
3157 DEBUG [2017-02-10 09:55:52]  Auth cache not set in the context
3159 DEBUG [2017-02-10 09:55:52]  Connection request: [route: {}->http://ip.cn:80][total kept alive: 0; route allocated: 0 of 2; total allocated: 0 of 20]
3159 DEBUG [2017-02-10 09:55:52]  Connection leased: [id: 4][route: {}->http://ip.cn:80][total kept alive: 0; route allocated: 1 of 2; total allocated: 1 of 20]
3159 DEBUG [2017-02-10 09:55:52]  Opening connection {}->http://ip.cn:80
3160 DEBUG [2017-02-10 09:55:52]  Connecting to ip.cn/118.184.180.41:80
3190 DEBUG [2017-02-10 09:55:52]  Connection established 172.16.10.27:52672<->118.184.180.41:80
3190 DEBUG [2017-02-10 09:55:52]  Executing request GET / HTTP/1.1
3190 DEBUG [2017-02-10 09:55:52]  Target auth state: UNCHALLENGED
3190 DEBUG [2017-02-10 09:55:52]  Proxy auth state: UNCHALLENGED
3190 DEBUG [2017-02-10 09:55:52]  http-outgoing-4 >> GET / HTTP/1.1
3190 DEBUG [2017-02-10 09:55:52]  http-outgoing-4 >> Host: ip.cn
3190 DEBUG [2017-02-10 09:55:52]  http-outgoing-4 >> Connection: Keep-Alive
3190 DEBUG [2017-02-10 09:55:52]  http-outgoing-4 >> User-Agent: Mozilla/5.0 (Windows NT 10.0; WOW64) AppleWebKit/537.36 (KHTML, like Gecko) Chrome/54.0.2840.99 Safari/537.36
3190 DEBUG [2017-02-10 09:55:52]  http-outgoing-4 >> Accept-Encoding: gzip,deflate
3190 DEBUG [2017-02-10 09:55:52]  http-outgoing-4 >> "GET / HTTP/1.1[\r][\n]"
3190 DEBUG [2017-02-10 09:55:52]  http-outgoing-4 >> "Host: ip.cn[\r][\n]"
3190 DEBUG [2017-02-10 09:55:52]  http-outgoing-4 >> "Connection: Keep-Alive[\r][\n]"
3191 DEBUG [2017-02-10 09:55:52]  http-outgoing-4 >> "User-Agent: Mozilla/5.0 (Windows NT 10.0; WOW64) AppleWebKit/537.36 (KHTML, like Gecko) Chrome/54.0.2840.99 Safari/537.36[\r][\n]"
3191 DEBUG [2017-02-10 09:55:52]  http-outgoing-4 >> "Accept-Encoding: gzip,deflate[\r][\n]"
3191 DEBUG [2017-02-10 09:55:52]  http-outgoing-4 >> "[\r][\n]"
4121 DEBUG [2017-02-10 09:55:53]  http-outgoing-4 << "HTTP/1.1 200 OK[\r][\n]"
4121 DEBUG [2017-02-10 09:55:53]  http-outgoing-4 << "Server: nginx/1.10.1[\r][\n]"
4122 DEBUG [2017-02-10 09:55:53]  http-outgoing-4 << "Date: Fri, 10 Feb 2017 01:55:51 GMT[\r][\n]"
4122 DEBUG [2017-02-10 09:55:53]  http-outgoing-4 << "Content-Type: text/html; charset=UTF-8[\r][\n]"
4122 DEBUG [2017-02-10 09:55:53]  http-outgoing-4 << "Transfer-Encoding: chunked[\r][\n]"
4123 DEBUG [2017-02-10 09:55:53]  http-outgoing-4 << "Connection: keep-alive[\r][\n]"
4123 DEBUG [2017-02-10 09:55:53]  http-outgoing-4 << "Content-Encoding: gzip[\r][\n]"
4123 DEBUG [2017-02-10 09:55:53]  http-outgoing-4 << "[\r][\n]"
4123 DEBUG [2017-02-10 09:55:53]  http-outgoing-4 << "67f[\r][\n]"
4124 DEBUG [2017-02-10 09:55:53]  http-outgoing-4 << "[0x1f][0x8b][0x8][0x0][0x0][0x0][0x0][0x0][0x0][0x3][0x95]W[o[0x13]G[0x18]}N~[0xc5][0xb0]R[0x9b]V[0xca][0xde][0xec][0xf8]Fm[0xf3][0x0][0x8][0xa5][0xad][0xda]H[0xe4][0xa5]B(Z[0xef][0x8e][0xed][0x9]{[0xeb][0xee][0xd8]NP[0x1f][0x12]D[n)[0x84]P*[0xa2][0x4]H[0x5]mB[[0x12][0xaa][0xa6][0xa4][0x81]4R[0xff][\n]"
4124 DEBUG [2017-02-10 09:55:53]  http-outgoing-4 << "^[0xdb]y[0xe2]/[0xf4][0x9b][0x1d]{[0xb3]N[0x3][0xa4][0x91][0x1c][0xef]|3s[0xe6][0xbb][0x9d][0xb3][0xe3][0xfc][0xb1]S[0x9f][0x9f][0x1c][0xff]b[0xec]4[0xaa]R[0xcb],[0xe][0xe6]{_X3`da[0xaa][0xc1][0xc]uE[0xfc]e[0x8d][0xd4][0xb][0xc2]I[0xc7][0xa6][0xd8][0xa6][0xe2][0xf8][0xb4][0x8b][0x5][0xa4][0xf3]QA[0xa0]x[0x8a][0xca]l[0xeb]GH[0xaf]j[0x9e][0x8f]i[0xa1]F[0xcb]bV[0x0][0xc][0x93][0xd8][0x17]P[0xd5][0xc3][0xe5][0x82][0xc0][0x90][0x8e][0xcb][0xb2]/[0x11]W[0xd4][\r][[0xd2][0x1d]K@[0x1e]6[0xb][0x82]a[0xfb][0xa2][0xb]k0[0xd5][0xab][0x2][0x92]a[0x1b]%[0xd4][0xc4][0xc5][0xd1]1I[0xb7][0x91][0x88]F[0xc7]P[0xb0][0xb4][0x11],[0xcf][0xb4][0x1e]<[0xee][0xac][0xff][0x88][0xbe]b[0xc3][0xf6][0xad]o[0x9a];s[0xed][0x9d][0xa7]0l][0xbd][0xde]Z[0xda][0xe]vn[0x7][0xcf][0xee][0xc3]T^[0xe6][0xfb][0xbb]![0xd8][0x9a][0x85][0xb][0x82][0xe7][0x94][0x1c][0xea][0xc7][0xdc][0xd6]L[0x93][0x1f][0x16][0xc6][0xc9][0x17]}[0x82][0xa7][0x1b][0x8e]g[0xc4][0x97][0x11]w[0x98][0xb8][0xfc][0xe0]a~[0xe]XZK[0xbf][0xc2][0x81][0xf0][0x10]<[0xba][0xdb][0xde][0x99][0xf][0xd7][0xc4]][0xec][0xae][0xc]n>[0x1f][0x8e][0xbc]b[0xe9][0x88][0x1d]u[\n]"
4124 DEBUG [2017-02-10 09:55:53]  http-outgoing-4 << "[0xfb][0xba]G\J[0x1c];[0xe6]Tsk[0xa1][0xb9][0xb5][0xc8][0xe1][0xf][0xc6][0xfd]jf[0x96];[0xb0]?[0x1][0xa6]x*[0xb8][0x9b]`[0x84][0x8c][0xb5][0xbe][0xdf]h[0xcd]=[\r][0xb6][0x17][0xa2]m[0xe0]M[0xe4]L[0xb4][0xb2]}g[0xb3][0xb3][0xbe][0xc]S[0xed][0x87][0xb3]{/.[0xef][0xad]l[0xf2][0xa9][0xd7]/o[0x4]7[0xd7][0xe1]9[0xf8]k7[0x98][0xbf][0x6] {O[0x16][W7[0xd8][0x89][0xbb][0xbf][0xec][0xcd][0xdc]f[0x96][0x85]?;+7[0xe0][0xa1][0xb9][0xbb][0xbc]wo[\r][0x1e]ZWv[0xc1][0x9f][0xe6][0xf6][0xcf][0xcc][0xb8][0xf5][[0xf3][0xc5]u[0x8e][0xff]j[0xe6]R7[0xc][0x1d][0xd2][\r][0xb2][0xee][0xfb]r[0xc9][0x81]*QOs%[0x8b]@[0x8f][0xf8][0xfe]P[0xd8]#C>[0x9d]6[0xb1]_[0xc5][0x98][0xe]![\n]"
4125 DEBUG [2017-02-10 09:55:53]  http-outgoing-4 << "[0xfd]W[0x18][\n]"
4125 DEBUG [2017-02-10 09:55:53]  http-outgoing-4 << "[0xdb][0x8e]-[0xe8][0xcf]k[0x9d][0xe0][0x86][0xeb]x4[0x96][0xd4][0x6]1h[0xb5]`[0xe0]:[0xd1][0xb1][0x18][0xe][0x86][0x11][0xa0][0x13][0xab]f[0x89][0xbe][0xae][0x99][0xb8][0xa0]H[0xa9][0x3][0xe5]);[0x9e][0xa5]Q[0xd1][0xc0][0x14][0xeb][0x7]jD[0xb1][0x89][0xdd][0xaa]c[0xe3][0x82][0xed][0xb0]][0xc7]D[0xf1][0x1c])#[0x93][0xa2][0xd1][0xd3]({[0x1e],[0xbc][0xb2][0xc8][0xf7][0xf4]C[0xdb]^[0x9e][0xf4]e[0x82][0xb3][0xd2][0xa4]/[0x14][0xf3]2_[0xcc]p[0xce]a[0xdb] [0xe5][0xf3][0xa2][0x8][0x83]}[0xe2][0xbc]1U[0x96][0xf6]?2$W9[0xa9]K[0x8e]1[0x8d][0x1c][0xfb]SG3[0x80]x[0x8e]^[0xb3][0x80][0xd1]R[0x99][0xb1]R*[0xc3][0xd0][0xff][0xe0]C[0x16][0x93]A[0xea]H75[0xdf]/[0x8][0x8c][0xe7]p[0x12][0xf6][0xc4][0xb2]Y#[0x6][0xcc][0xe][0xc4][0xa7][0x19].[0xf6][0x98]u [0xf]r[0x11]R][0x86][0xb8][0x88]Uys[0x2]`R6[0x9d][0x8a]#UH[0x99][0xe5]@c[0xa0]2[0x1c]Z[0x1c][0xec]Gg1[0x96][0xb4].|[0xcd][0xec][0xf9]dku[0x4][0x1f][0xd1]%[0xa6][0xe9]#[0x1d]B[0x0][0xf7][0xc2]A[0xe8][0xc8][0x0][0xa4][0xaf][0xb7]T[0x83][0xf2][0xd5]1[0x1c][0x12]s[0x8e][0xd1]#[0x94][0x12]vr^6[0x9][0xf3][0x9e]m[0xda]_e[0x94]$[0xb7][0xea][\n]"
4125 DEBUG [2017-02-10 09:55:53]  http-outgoing-4 << "E[0xce]8h[0xe7]8Q"n[0xbd]e[0xbf][0xed]KL[0x13][0x85][0xe2][0xa9][0xcf][0xce][0xbe]y[0x99]^[0xb5]=[0xa7]Fqo1[0x93][0xba]+?tVV[0xe3][[0xf2]r[\r][0xd4][0xf9][0xf0][0x4][0xf9]X[0xf3][0xf4]*[0xeb]V^[0x2][0xf6][0x4][0xa9]a[0x8a]W[0x6][0x19]c[0xd1];vA [0xb6][0x81][0xa7][0xc2][0x88][0x10]hP[0xd5][0x81][0xe2][0x9f]9=[0xe][0x1c][0xe1]5f[0xbb]D[0xe][0xd5]M [0xb1][0xdd][0x1a][0xed][0x2][0x11]W[0xe0][0x9c][0xb][0xa5]^@[0xae][0xa9][0xe9][0xb8][0xea][0x98]P[0xf7][0x82][0xd0]Y[0xde][0xf9]{![0xf8][0xfa]q[0xe7][0xa7]Y[0x9e][0xd4][0xf6][0xe2][0xe5][0xe0][0xc1][0x83][0xe0][0xd6]\[0xeb][0xca][0xdd]}[0xa9][0x8a][0xce][0xf2]][0xcd]N[0xf6][0x9d]B[0xc0][0x1b][0xf0]5[0xa4][0xb5][0xe0][0xd7]J[0x16]a[0xec][0xe5][0x9e][0x95][0xa8][0x8d][0xe0][0x3][0xef][0x7]bi[0xde][0xb4][0x80][0xea][0x9a]Y[0x83][0xe0][0xf8]Q<f[0x99][0xb9][0xbf][0x9f][0xa0][0x81]n[0xb]1X[0xf][0xfb]5[0x93]B[0xf5]c[\r][0xdd][0xc0][0xa0][0xfc][0xc5][0xbc][l]Zm[0xb7][0x11],[0xad][0x82][0xc7][0xe0][0xe8][0xeb][0x97][0x8b]y[0xdd]1p1[0xad]JjV[0x95]R[0x9])[0x91][0xce][0xcb][0xa1])/[0xbb][0xe1][0x8e][0xab]3[0xb0]<.[0xb9][0xd1][0xa6][0xe0][0xd1]Z[0xeb][0x8f][0xc7][0xc1][0xd6]%[0xd4][0x99][0xbd][0xb3]7[0xb3][0xd8][0xbf][0xf1][0xc]vF[0xc7][0x8e][0xa3]q[0xa2][0xd9][0x93][0xc4][0x1e]F'[0xab][0xc4][0xd6]B[0xd0][0xb0][0xeb][0xfb]{[0x9f][0xeb][0x95][0xa0]*[0xca]{PA[0x93]T[0xa0][0x80][0xbc][0xc7]y[0xbc]]y[0xe9][0xbd]l[0x85]J[0xe9][0x82][0xd0][0xc7]5W[0xa2][0x9a]=[0xc5][0xde][0xb0]2[0x9e]:A[\n]"
4126 DEBUG [2017-02-10 09:55:53]  http-outgoing-4 << "[0x96]5[0xa1]f[0x92][0xa9]T&[0x9b][0x9b]P[0x95]l&[0xab][0xa6][0xd2][0x13][0xc9]t&[0x93]Ps[\n]"
4126 DEBUG [2017-02-10 09:55:53]  http-outgoing-4 << "[0xe3]_W[0x83]X[0xe6][0xfa]X[0x18][0xa6]P[0xb3]+[0xc0][0x1f][0xc6][0xef]X[0x12]A5=[\n]"
4126 DEBUG [2017-02-10 09:55:53]  http-outgoing-4 << "[0xce][0xc1][0x91][0xd8]e&[0x84]@[0xa1][0xd6][0xd2]Lgw[0x9e][0xd7][0xe6]8[0x8a]([0xd7][0x15][0xfb]F[0xa3][0xc1]dF[0xb7]e[0xb8][0x2][0xc4][0x93][0xdc]eJ[0xdc][0xc4][0xfa][0xff][0xed][0x0][0xaa][0x9a][0x92][0x12][0xea][0x88][0xa4][0xa6][0x93][0xf0]It1[0xe]X[0xdf][\r][0x93]V$[0xc8][0x8d][0x94]HI[0xaa][0x92][0xe9]9[0x12][0xb7][0xbd][0x1b]BU[0xc1][0x83]dRJ[0x81]3[0xb9]\[0xe4]H[0xdc]x[0x4][0x10]%-e!"%'[0xa9]Q0q[0xdb][0x11] [0xd4][0xc][0xc4][0x92][0x91][0x12]#[0xaa][0x94][0x88]0[0xfa][0x8c]G[0x1][0x81][0xee]Od[0xa4][0xe4][0x88][0x94]H[0xaa]Q0q[0xe3][0x11]@[0xb2][0x90]QV[0x9b],d$[0xdb][0x3][0xe9]3[0x1e][0x1]$[0xa3]J#[0x80][0xa1]([0x12][0xf8][0xc3][0xc5]T[0x8d][0xdb][0x8e][0x0][0x91][0x83]J[0xb2][0x4]@i[0x92][0x91][0x1f]}[0xc6][0x10][0x4]z[0x9b][0xf7]}[0xef]{[0x10]u[0xff][0xc2][0x9e][0x17]![0x19]/[0xb8][0xe6][0x1a][0x9a]_e[0xef],[0x1]1[0xea][0xb0][0x91][0xc8][0x86]"1D[0xa0]]v[0xa4][0x1c][0x9][0xdb][0xfe]\[0x2][0xf1])1'[0xe5][0x18][0x19][0xd9]k[0xb0]w[0x85][0xe0][0x9a][0x18]^u&[0xb5][0xba][0xc6]y[\n]"
4127 DEBUG [2017-02-10 09:55:53]  http-outgoing-4 << "[0x18][0xdd]{[0xb6][0xc0]/[0xda]}[0xe4]g,c[0xe0]@[[0xdd]tjF([0x3]>[0xd5]([0xd1]e[0xc3]?p[0xe9][0x88][0xc2][0xec][0x85][0x1f][0xa3]x[0x19][0xae]b[0xbd]7;[0x88]%[0xbb][0xf2][0xce][0x5][0xd7]V[0x82]{[0xab][0xed];[0xcf][0xf6][0x96][0x1f]v6[0x9e][0x81]p6[0xb7][0xe7][0x9b][/[0xe0]6[0xdc][0xcf]V[0x1f][0xae][0xfa][0xcc][0x93][0xe9][0x9a]m[0xd4][0x1c][0x89]8[0xa0][0xef][0x9a]W[0x81][0xdf][0x6][0xc2]D[0xc9][0xd4][0xec][0xb]B[0x11]v[0xb6][0x96]6[0xc3][0xfc]w6[0xef][0x7][0xd7][0xd6][0x98][0x1e]2[0x99]q[0x8b][0xff][0xac]%[0x14]%-&[0x14]5[\r][0xc2][0xcc]~[0x5][0x1c][0xa6]%[0x16]![0xb4][0x84]AR[0xa5][0x8a]Sg[0xb2][0xf2][0xdf]3Z[0xbf]?[0x19]=9[0x16]<[0xfa]VM)JJMd[0xe1][0xa6]+&y[0xe3]te[0xb4][0xef][0x96][0xa6][0xe6][0x0][0xe7][0xe2][0xc5](g[0xec][0x95]y[0x2]J[0xa9]&[0x92][0x99][0x8c][0xf2]~[0x3][0x97]&[0xa2][0x91][0x80] [0x8e]JM[0xab][0xc0][0xeb][0xe8]c([0xce][0xd9][0xf0]>[0x1f][0x93]S[0x1e]O[0xb7][0xb3][0xa2]/v[0x3][0x83][0x1b]V[0xf8][0x8b][0xa9]8[0xf8]/f[0x97]YD[0x84][\r][0x0][0x0][\r][\n]"
4128 DEBUG [2017-02-10 09:55:53]  http-outgoing-4 << HTTP/1.1 200 OK
4129 DEBUG [2017-02-10 09:55:53]  http-outgoing-4 << Server: nginx/1.10.1
4129 DEBUG [2017-02-10 09:55:53]  http-outgoing-4 << Date: Fri, 10 Feb 2017 01:55:51 GMT
4130 DEBUG [2017-02-10 09:55:53]  http-outgoing-4 << Content-Type: text/html; charset=UTF-8
4130 DEBUG [2017-02-10 09:55:53]  http-outgoing-4 << Transfer-Encoding: chunked
4130 DEBUG [2017-02-10 09:55:53]  http-outgoing-4 << Connection: keep-alive
4131 DEBUG [2017-02-10 09:55:53]  http-outgoing-4 << Content-Encoding: gzip
4131 DEBUG [2017-02-10 09:55:53]  Connection can be kept alive indefinitely
4133 DEBUG [2017-02-10 09:55:53]  http-outgoing-4 << "0[\r][\n]"
4133 DEBUG [2017-02-10 09:55:53]  http-outgoing-4 << "[\r][\n]"
4134 DEBUG [2017-02-10 09:55:53]  Connection [id: 4][route: {}->http://ip.cn:80] can be kept alive indefinitely
4134 DEBUG [2017-02-10 09:55:53]  Connection released: [id: 4][route: {}->http://ip.cn:80][total kept alive: 1; route allocated: 1 of 2; total allocated: 1 of 20]
4143 WARN  [2017-02-10 09:55:53]  <p>您现在的 IP：<code>61.181.52.26</code></p>
<p>所在地理位置：<code>天津市 联通</code></p>
<p>GeoIP: Tianjin, China</p>
4151 DEBUG [2017-02-10 09:55:53]  CookieSpec selected: default
4152 DEBUG [2017-02-10 09:55:53]  Auth cache not set in the context
4152 DEBUG [2017-02-10 09:55:53]  Connection request: [route: {}->http://ip.cn:80][total kept alive: 0; route allocated: 0 of 2; total allocated: 0 of 20]
4153 DEBUG [2017-02-10 09:55:53]  Connection leased: [id: 5][route: {}->http://ip.cn:80][total kept alive: 0; route allocated: 1 of 2; total allocated: 1 of 20]
4153 DEBUG [2017-02-10 09:55:53]  Opening connection {}->http://ip.cn:80
4160 DEBUG [2017-02-10 09:55:53]  Connecting to ip.cn/118.184.180.41:80
4194 DEBUG [2017-02-10 09:55:53]  Connection established 172.16.10.27:52676<->118.184.180.41:80
4194 DEBUG [2017-02-10 09:55:53]  Executing request GET / HTTP/1.1
4194 DEBUG [2017-02-10 09:55:53]  Target auth state: UNCHALLENGED
4194 DEBUG [2017-02-10 09:55:53]  Proxy auth state: UNCHALLENGED
4194 DEBUG [2017-02-10 09:55:53]  http-outgoing-5 >> GET / HTTP/1.1
4195 DEBUG [2017-02-10 09:55:53]  http-outgoing-5 >> Host: ip.cn
4195 DEBUG [2017-02-10 09:55:53]  http-outgoing-5 >> Connection: Keep-Alive
4195 DEBUG [2017-02-10 09:55:53]  http-outgoing-5 >> User-Agent: Mozilla/5.0 (Windows NT 10.0; WOW64) AppleWebKit/537.36 (KHTML, like Gecko) Chrome/54.0.2840.99 Safari/537.36
4195 DEBUG [2017-02-10 09:55:53]  http-outgoing-5 >> Accept-Encoding: gzip,deflate
4195 DEBUG [2017-02-10 09:55:53]  http-outgoing-5 >> "GET / HTTP/1.1[\r][\n]"
4195 DEBUG [2017-02-10 09:55:53]  http-outgoing-5 >> "Host: ip.cn[\r][\n]"
4195 DEBUG [2017-02-10 09:55:53]  http-outgoing-5 >> "Connection: Keep-Alive[\r][\n]"
4195 DEBUG [2017-02-10 09:55:53]  http-outgoing-5 >> "User-Agent: Mozilla/5.0 (Windows NT 10.0; WOW64) AppleWebKit/537.36 (KHTML, like Gecko) Chrome/54.0.2840.99 Safari/537.36[\r][\n]"
4195 DEBUG [2017-02-10 09:55:53]  http-outgoing-5 >> "Accept-Encoding: gzip,deflate[\r][\n]"
4195 DEBUG [2017-02-10 09:55:53]  http-outgoing-5 >> "[\r][\n]"
5126 DEBUG [2017-02-10 09:55:54]  http-outgoing-5 << "HTTP/1.1 200 OK[\r][\n]"
5126 DEBUG [2017-02-10 09:55:54]  http-outgoing-5 << "Server: nginx/1.10.1[\r][\n]"
5126 DEBUG [2017-02-10 09:55:54]  http-outgoing-5 << "Date: Fri, 10 Feb 2017 01:55:52 GMT[\r][\n]"
5126 DEBUG [2017-02-10 09:55:54]  http-outgoing-5 << "Content-Type: text/html; charset=UTF-8[\r][\n]"
5127 DEBUG [2017-02-10 09:55:54]  http-outgoing-5 << "Transfer-Encoding: chunked[\r][\n]"
5127 DEBUG [2017-02-10 09:55:54]  http-outgoing-5 << "Connection: keep-alive[\r][\n]"
5127 DEBUG [2017-02-10 09:55:54]  http-outgoing-5 << "Content-Encoding: gzip[\r][\n]"
5127 DEBUG [2017-02-10 09:55:54]  http-outgoing-5 << "[\r][\n]"
5128 DEBUG [2017-02-10 09:55:54]  http-outgoing-5 << "67e[\r][\n]"
5128 DEBUG [2017-02-10 09:55:54]  http-outgoing-5 << "[0x1f][0x8b][0x8][0x0][0x0][0x0][0x0][0x0][0x0][0x3][0x95]Wmo[0xd3]V[0x14][0xfe][0xdc][0xfe][0x8a][0x8b][0xa5][0xad][0x9b]T[0xdb][0xb1][0xd3][0xbc][0xb1]$|[0x0][0x84][0xba]M[%[0xfa]eB[0xa8]r[0xec][0x9b][0xe4][0x16][0xc7][0xf6][0xec][0xeb][0xa4]E[0xfb][0xd0]"[0xb6][0xf1][0xd6]A)c[0xa2]j[0x81]N[0xb0][0xb5]l[0xa3]eZGW[0xe8]*[0xed][0xaf][0x10]'[0xe9]'[0xfe][0xc2][0xce][0xf5]uR[0xa7]+[0xd0]UJ[0xe3]{[0xee]=[0xcf]=[0xe7][0xdc][0xf3]<[0xbe][0xc9][0x1f];[0xf5][0xf9][0xc9][0xf1]/[0xc6]N[0xa3]*[0xad][0x99][0xc5][0xc1]|[0xf7][0xb]k[0x6][0x8c]j[0x98]j0C[0x1d][0x11][0xe9][0x93]zA8i[[0x14][T[0x1c][0x9f]v[0xb0][0x80]t>*[0x8][0x14]OQ[0x99][0xb9]~[0x84][0xf4][0xaa][0xe6]z[0x98][0x16]|Z[0x16][0xb3][0x2]`[0x98][0xc4][0xba][0x80][0xaa]..[0x17][0x4][0x86]t\[0x96]=[0x89]8[0xa2]nX[0x92]n[0xd7][0x4][0xe4]b[0xb3] [0x18][0x96]':[0xb0][0x6]S[0xbd]* [0x19][0xdc]([0xa1]&.[0x8e][0x8e]I[0xba][0x85]D4:[0x86][0x82][0xa5][0x8d]`y[0xa6][0xf5][0xe0]qg[0xfd]G[0xf4][0x15][0x1b][0xb6]o}[0xd3][0xdc][0x99]k[0xef]<[0x85]a[0xeb][0xea][0xf5][0xd6][0xd2]v[0xb0]s;xv[0x1f][0xa6][0xf2]2[0xf7][0x8f]R[0xb0][0xb4][0x1a].[0x8][0xae]][0xb2][0xa9][0x17][0xb][3M[0xbe]Y[0x98]'_[0xf4][0x9][0x9e]n[0xd8][0xae][0x11]_F[0x9c]a[0xe2][0xf0][0x8d][0x87][0xf9]>`i-[0xfd][\n]"
5129 DEBUG [2017-02-10 09:55:54]  http-outgoing-5 << "[0x1b][0xc2]C[0xf0][0xe8]n{g>\[0x13][0xf]1Z[0x19][0xdc]|>[0xdc][0x8b][0x8a][0x95]#[0xb6][0xd5])[0xec][0xe9].q([0xb1][0xad]XP[0xcd][0xad][0x85][0xe6][0xd6]"[0x87]?[0x98][0xf7][0xab][0x99]Y[0x1e][0xc0][0xfe][0x4][0x98][0xe2][0xa5][0xe0]a[0x82][0x11]*[0xd6][0xfa]~[0xa3]5[0xf7]4[0xd8]^[0xe8][0xb9]A4[0xbd]`z+[0xdb]w6;[0xeb][0xcb]0[0xd5]~8[0xbb][0xf7][0xe2][0xf2][0xde][0xca]&[0x9f]z[0xfd][0xf2]Fps[0x1d][0x9e][0x83][0xbf]v[0x83][0xf9]k[0x0][0xb2][0xf7]d[0xb1]uu[0x83][0xed][0xb8][0xfb][0xcb][0xde][0xcc]mfY[0xf8][0xb3][0xb3]r[0x3][0x1e][0x9a][0xbb][0xcb]{[0xf7][0xd6][0xe0][0xa1]ue[0x17][0xe2]in[0xff][0xcc][0x8c][[0xbf]5_\[0xe7][0xf8][0xaf]f.[0xf5]w[0xc3][0xd0]![0xdd] [0xeb][0x9e]'[0x97]l8%[0xea]j[0x8e]T#[0xd0]#[0x9e]7[0x14][0xf6][0xc8][0x90]G[0xa7]M[0xec]U1[0xa6]C[0x88]B[0xff][0x15][0x86][0xc2][0xb6]c[0xb][0xfa][0xeb]Z'[0xb8][0xe1][0xd8].[0x8d][0x15][0xb5]A[0xc]Z-[0x18][0xb8]Nt,[0x86][0x83]a[0x4][0xe8][0xa4][0xe6][0xd7]DO[0xd7]L\HH[0xa9][0x3][0xc7]S[0xb6][0xdd][0x9a]FE[0x3]S[0xac][0x1f]8#[0x8a]M[0xec]Tm[0xb][0x17],[0x9b]y[0x1d][0x13][0xc5]s[0xa4][0x8c]L[0x8a]FO[0xa3][0xec]y[0xb0][0xf0][0x93]E[0x9e][0xab][0x1f][0xda][0xf6][0xf2][0xa4]'[0x13][0x9c][0x95]&=[0xa1][0x98][0x97][0xf9]b[0x86]s[0xe][[0x6])[0x9f][0x17]E[0x18][0xec][0x13][0xe7][0x8d][0xa5][0xaa]i[0xff][0xa3]Br[0x95][0x93][0xba]d[0x1b][0xd3][0xc8][0xb6]>[0xb5]5[0x3][0x88]g[0xeb]~[\r][0x18]-[0x95][0x19]+[0xa5]2[0xc][0xbd][0xf]>d9[0x19][0xa4][0x8e]tS[0xf3][0xbc][0x82][0xc0]x[0xe];aW,[0x9b]>1`v >[0xcd]p[0xb1][0xcb][0xac][0x3]y[0x90][0x8b][0x90][0xea]2[0xe4]Ej[0x95]7[0x17][0x0]&e[0xd3][0xae][0xd8]R[0x85][0x94]Y[\r]4[0x6]*[0xc3][0xa6][0xc5][0xc1]~t[0x96]cI[0x8b][0xe0]}[0xb3][0x1b][0x93][0xa5][0xd5][0x11]|D[0x87][0x98][0xa6][0x87]tH[0x1][0xc2][0xb][0x7]a [0x3]P[0xbe][0xee]R[\r][0x8e][0xaf][0x8e]a[0x93]Xp[0x8c][0x1e][0xa1][0x94][0xb0][0x9d][0xf3][0xb2]IX[0xf4][0xcc]i[0x95]Q[0x92][0x9c][0xaa]#[0x14]9[0xe3][0xa0][0x9d][0xe3]D[0xe9]q[0xeb]-[0xfe][0x96]'1M[0x14][0x8a][0xa7]>;[0xfb][0xe6]ez[0xd5]rm[0x9f][0xe2][0xee]b&uW~[0xe8][0xac][0xac][0xc6]][0xf2][0xb2][0xf][0xea]|x[0x81]<[0xac][0xb9]z[0x95]u+?[0x2][0xf6][0x4][0xa5]a[0x8a]W[0x6][0x19]c[0xd9][0xdb]VA [0x96][0x81][0xa7][0xc2][0x8c][0x10]hP[0xd5][0x86][0xc3]?sz[0x1c]8[0xc2][0xcf][0x98]y[0x89][0x1c]** [0xb1][0x1c][0x9f]F@[0xc4][0x11]8[0xe7]B[0xa9][0x17][0x90]cj:[0xae][0xda]&[0x9c]{A[0xe8][0xac]?[0xef][0xfc][0xbd][0x10]|[0xfd][0xb8][0xf3][0xd3],/j{[0xf1]r[0xf0][0xe0]Apk[0xae]u[0xe5][0xee][0xbe]T[0xf5][0xf6][0xf2][0x1c][0xcd]J[0xf6][0xed]B [0x1a][0x88]5[0xa4][0xb5][0xe0][0xf9][0xa5][0x1a]a[0xec][0xe5][0x91][0x95][0xa8][0x85][0xe0][0x3][0xef][0x7]R[0xd3][0xdc]i[0x1][0xd5]5[0xd3][0x87][0xe4][0xf8]V<g[0x99][0x85][0xbf]_[0xa0][0x81][0xa8][0x85][0x18][0xac][0x8b]=[0xdf][0xa4]p[0xfa][0xb1][0x86]n`P[0xfe]b[0xde])[0xb6].[0xad][0xb6][0xbf][0xdb][0x8][0x96]V!b[0x8][0xf4][0xf5][0xcb][0xc5][0xbc]n[0x1b][0xb8][0x98]V$%[0xab]H)UR[0xd3]y94[0xe5]e'[0xf4][0xb8]:[0x3][0xcb][0xe3][0x92][0xdb]s[\n]"
5129 DEBUG [2017-02-10 09:55:54]  http-outgoing-5 << "[0x1e][0xad][0xb5][0xfe]x[0x1c]l]B[0x9d][0xd9];{3[0x8b][0xfd][0x8e]g[0xb0]=:v[0x1c][0x8d][0x13][0xcd][0x9a]$[0xd6]0:Y%[0x96][0x16][0x82][0x86]][0xdf][0xdf][0xfb]\[0xaf][0x4]%[0x91]x[0xf]N[0xd0]$[0x15]8@[0xde][0xe3]<[0xdf]H^[0xba]/[[0xa1]R[0xba] [0xf4]q[0xcd][0x91][0xa8]fM[0xb1]7[0xac][0x8c][0xa7]N[0x90]B[0xad]6[0xa1]d[0x92][0xa9]T&[0x9b][0x9b]P[0x12][0xd9]LVI[0xa5]'[0x92][0xe9]LFUr[0x9][0xc6][0xbf]H[0x83]X[0xe5][0xfa]X[0x18][0x96]P[0xb3]*[0xc0][0x1f][0xc6][0xef]X[0x11]A5][\n]"
5129 DEBUG [2017-02-10 09:55:54]  http-outgoing-5 << "[0xc1][0xc1][0x91]Xe&[0x84]@[0xa1][0xd6][0xd2]Lgw[0x9e][0x9f][0xcd]q[0xd4][0xa3]\$[0xf6][0x8d]F[0x83][0xc9][0x8c]n[0xc9]p[0x5][0x88][0x17]9bJ[0xdc][0xc4][0xfa][0xff][0xed][0x0][0x10][0xba][0xa4]&F[0xa4][0x91][0x94][0xa4][0xaa][0xb9][0x8][0xa2][0xdf]x[0x4][0x90]dNRr9I[0x1d][0x91][0x94]t[0xa2][0xb][0xd2]g<[0x2][0x88][0x9a][0x4][0xef][0x11][0x89]Au!b[0xa6]#[0x0]d[0x19][0x80][0x1a]~[0xd4][0x84][0xda][0xc5][0xe8][0xb7][0x1e][0x1][0x6][0x12]Q[0xd2]Y)[0x93]eE[0xe1][0xea][0xc3][0x92][0xeb][0xd9][0xde][\r]1[0xa2]HipH)R6[0x1d]![0xc4]M[0xef][0x6]P$5+)#P[0xce]l[0xa6][0x1b]B[0xcc]t[0x4][0x0][0xa8]![0x1c]l2[0xcd][0xbc][0xa2][0x1c]b[0xa6][0xa3][0x0][0xb0][0x86][0x80]*[0x0]}![0x8e].D[0xdc][0x18][0x82]@?[0xf3]^[0xef]~[0xf][0xa2][0xe8]/[0xec][0xf3]w[0x91][0x90]q[0x81][0xeb][0xac][0xa1]yU[0xf6][0x9e][0x12][0x10][0xa3][0xb][0x1b][0x89]l([0x12]C[0x4][0xaa]eG[0xca]=1[0xdb][0x9f]S[0x11][0x9f][0x12]sR[0x8e][0x11][0x90][0xbd][0xfa][0xba][0xd7][0x6][0xae][0x83][0xe1][0xf5]fR[0xab]k[0x9c][0x9b][0x80][0x11][0xdd][0xad][0x5]~[0xb9][0xee]#<c[0x16][0x3][0x7][0xaa][0xea][0xa6][0xed][0x1b]![0xf5]=[0xaa]Q[0xa2][0xcb][0x86]w[0xe0][0xa2][0xd1]K[0xb3][0x9b]~[0x8c][0xd6]e[0xb8]~u[0xdf][0xe6] [0x90][0xec][0x9a];[0x17]\[[0x9][0xee][0xad][0xb6][0xef]<[0xdb][~[0xd8][0xd9]x[0x6]b[0xd9][0xdc][0x9e]on[0xbd][0x80][0x1b]p?C=[0xb8][0xde][0xb3]H[0xa6]}[0xcb][0xf0]m[0x89][0xd8][0xa0][0xe9][0x9a][[0x81][0xdf][0x3][0xc2]D[0xc9][0xd4][0xac][0xb]B[0x11]<[K[0x9b]a[0xfd];[0x9b][0xf7][0x83]kkL[0x3][0x99][0xb4]8[0xc5][0xd6][0xd4]D"-[0xaa][0x9]%[\r]b[0xcc]n[0xfe][0x87][0xe9]G[0x8d][0x10]Z[0xc2] [0xa3]R[0xc5][0xae]3)[0xf9][0xef][0x1e][0xad][0xdf][0x9f][0x8c][0x9e][0x1c][0xb][0x1e]}[0xab][0xa4][0x12][0x89][0x94][0xa2]f[0xe1]v+&y[0xe3]D[0xd2][0xd9]w3[0x83][0xee][0xd2][0xad][0x8b][0x17]{5c[0xaf][0xc9][0x13]p[0x94][0x8a][0x9a][0xcc]d[0x12][0xef]7pi[0xa2]7[0x12][0x10][0xe4]Q[0xf1][0xb5][\n]"
5129 DEBUG [2017-02-10 09:55:54]  http-outgoing-5 << "[0xbc][0x82]>[0x86][0xc3]9[0x1b][0xde][0xe1]c[0x12][0xca][0xf3][0x89]:[0xab][0xf7][0xc5]n]p[0xab][\n]"
5130 DEBUG [2017-02-10 09:55:54]  http-outgoing-5 << "%[0x15][0x7][0xff][0x5]83[0xfc](x[\r][0x0][0x0][\r][\n]"
5130 DEBUG [2017-02-10 09:55:54]  http-outgoing-5 << HTTP/1.1 200 OK
5130 DEBUG [2017-02-10 09:55:54]  http-outgoing-5 << Server: nginx/1.10.1
5131 DEBUG [2017-02-10 09:55:54]  http-outgoing-5 << Date: Fri, 10 Feb 2017 01:55:52 GMT
5131 DEBUG [2017-02-10 09:55:54]  http-outgoing-5 << Content-Type: text/html; charset=UTF-8
5131 DEBUG [2017-02-10 09:55:54]  http-outgoing-5 << Transfer-Encoding: chunked
5131 DEBUG [2017-02-10 09:55:54]  http-outgoing-5 << Connection: keep-alive
5131 DEBUG [2017-02-10 09:55:54]  http-outgoing-5 << Content-Encoding: gzip
5132 DEBUG [2017-02-10 09:55:54]  Connection can be kept alive indefinitely
5133 DEBUG [2017-02-10 09:55:54]  http-outgoing-5 << "0[\r][\n]"
5134 DEBUG [2017-02-10 09:55:54]  http-outgoing-5 << "[\r][\n]"
5134 DEBUG [2017-02-10 09:55:54]  Connection [id: 5][route: {}->http://ip.cn:80] can be kept alive indefinitely
5134 DEBUG [2017-02-10 09:55:54]  Connection released: [id: 5][route: {}->http://ip.cn:80][total kept alive: 1; route allocated: 1 of 2; total allocated: 1 of 20]
5140 WARN  [2017-02-10 09:55:54]  <p>您现在的 IP：<code>61.181.52.26</code></p>
<p>所在地理位置：<code>天津市 联通</code></p>
<p>GeoIP: Tianjin, China</p>
5152 DEBUG [2017-02-10 09:55:54]  CookieSpec selected: default
5152 DEBUG [2017-02-10 09:55:54]  Auth cache not set in the context
5152 DEBUG [2017-02-10 09:55:54]  Connection request: [route: {}->http://ip.cn:80][total kept alive: 0; route allocated: 0 of 2; total allocated: 0 of 20]
5153 DEBUG [2017-02-10 09:55:54]  Connection leased: [id: 6][route: {}->http://ip.cn:80][total kept alive: 0; route allocated: 1 of 2; total allocated: 1 of 20]
5153 DEBUG [2017-02-10 09:55:54]  Opening connection {}->http://ip.cn:80
5154 DEBUG [2017-02-10 09:55:54]  Connecting to ip.cn/118.184.180.41:80
5188 DEBUG [2017-02-10 09:55:54]  Connection established 172.16.10.27:52688<->118.184.180.41:80
5188 DEBUG [2017-02-10 09:55:54]  Executing request GET / HTTP/1.1
5188 DEBUG [2017-02-10 09:55:54]  Target auth state: UNCHALLENGED
5188 DEBUG [2017-02-10 09:55:54]  Proxy auth state: UNCHALLENGED
5188 DEBUG [2017-02-10 09:55:54]  http-outgoing-6 >> GET / HTTP/1.1
5188 DEBUG [2017-02-10 09:55:54]  http-outgoing-6 >> Host: ip.cn
5188 DEBUG [2017-02-10 09:55:54]  http-outgoing-6 >> Connection: Keep-Alive
5189 DEBUG [2017-02-10 09:55:54]  http-outgoing-6 >> User-Agent: Mozilla/5.0 (Windows NT 10.0; WOW64) AppleWebKit/537.36 (KHTML, like Gecko) Chrome/54.0.2840.99 Safari/537.36
5189 DEBUG [2017-02-10 09:55:54]  http-outgoing-6 >> Accept-Encoding: gzip,deflate
5189 DEBUG [2017-02-10 09:55:54]  http-outgoing-6 >> "GET / HTTP/1.1[\r][\n]"
5189 DEBUG [2017-02-10 09:55:54]  http-outgoing-6 >> "Host: ip.cn[\r][\n]"
5189 DEBUG [2017-02-10 09:55:54]  http-outgoing-6 >> "Connection: Keep-Alive[\r][\n]"
5189 DEBUG [2017-02-10 09:55:54]  http-outgoing-6 >> "User-Agent: Mozilla/5.0 (Windows NT 10.0; WOW64) AppleWebKit/537.36 (KHTML, like Gecko) Chrome/54.0.2840.99 Safari/537.36[\r][\n]"
5189 DEBUG [2017-02-10 09:55:54]  http-outgoing-6 >> "Accept-Encoding: gzip,deflate[\r][\n]"
5189 DEBUG [2017-02-10 09:55:54]  http-outgoing-6 >> "[\r][\n]"
6126 DEBUG [2017-02-10 09:55:55]  http-outgoing-6 << "HTTP/1.1 200 OK[\r][\n]"
6127 DEBUG [2017-02-10 09:55:55]  http-outgoing-6 << "Server: nginx/1.10.1[\r][\n]"
6127 DEBUG [2017-02-10 09:55:55]  http-outgoing-6 << "Date: Fri, 10 Feb 2017 01:55:53 GMT[\r][\n]"
6127 DEBUG [2017-02-10 09:55:55]  http-outgoing-6 << "Content-Type: text/html; charset=UTF-8[\r][\n]"
6127 DEBUG [2017-02-10 09:55:55]  http-outgoing-6 << "Transfer-Encoding: chunked[\r][\n]"
6128 DEBUG [2017-02-10 09:55:55]  http-outgoing-6 << "Connection: keep-alive[\r][\n]"
6128 DEBUG [2017-02-10 09:55:55]  http-outgoing-6 << "Content-Encoding: gzip[\r][\n]"
6128 DEBUG [2017-02-10 09:55:55]  http-outgoing-6 << "[\r][\n]"
6128 DEBUG [2017-02-10 09:55:55]  http-outgoing-6 << "684[\r][\n]"
6129 DEBUG [2017-02-10 09:55:55]  http-outgoing-6 << "[0x1f][0x8b][0x8][0x0][0x0][0x0][0x0][0x0][0x0][0x3][0x95]WoO[0xdb]F[0x18][\r][0x9f][0xe2]jic[0x93][0xb0][0x1d];[0xe4]_[0x97][0xa4]/hU[0xb1]M[0x1b]Ry3U[0x15]r[0xec]Kr[0xd4][0xb1]=[0xfb][0x1c][0xa0][0xda][0xb][0xa8][0xba][0xad][0xff]XK[0xe9]:[0x15]A[[0xa6]v[0x83]n+t[0x1a]+[0xa3]eH[0xfb]*[0x8d][0x93][0xf0][0xaa]_a[0xcf][0xf9][0x9c][0xe0]0Z[0x18]R[0x88][0xef][0xb9][0xbb][0xdf]=[0xff]~?_[0xf2]'N><[0xf6][0xc5][0xe8][0x19]T[0xa5]5[0xb3][0xd8][0x9f][0xef]|a[0xcd][0x80]Q[\r]S[\r]f[0xa8]#[0xe2]/}R/[0x8][0xc3][0xb6]E[0xb1]E[0xc5][0xb1]i[0x7][0xb]H[0xe7][0xa3][0x82]@[0xf1][0x14][0x95][0xd9][0xd6][0x8f][0x90]^[0xd5]\[0xf][0xd3][0x82]O[0xcb]bV[0x0][0xc][0x93]X[0x17]Q[0xd5][0xc5][0xe5][0x82][0xc0][0x90]N[0xca][0xb2]'[0x11]G[0xd4][\r]K[0xd2][0xed][0x9a][0x80]\l[0x16][0x4][0xc3][0xf2]D[0x7][0xd6]`[0xaa]W[0x5]$[0xc3]6J[0xa8][0x89][0x8b]#[0xa3][0x92]n![0x11][0x8d][0x8c][0xa2]`i#X[0x9e]i>|[0xd2]^[0xff][0x11]}[0xc5][0x86][0xad][0xdb][0xdf]4v[0xe6]Z;[0xcf]`[0xd8][0xbc]v[0xa3][0xb9][0xb4][0x1d][0xec][0xdc][0x9][0x9e]?[0x80][0xa9][0xbc][0xcc][0xf7]G!XZ[\r][0x17][0x4][0xd7].[0xd9][0xd4][0x8b][0xb9][0xad][0x99]&?,[0x8c][0x93]/[0xfa][0x4]OO[0xda][0xae][0x11]_F[0x9c]A[0xe2][0xf0][0x83][0x7][0xf9]9`i.[0xfd][\n]"
6130 DEBUG [2017-02-10 09:55:55]  http-outgoing-6 << "[0x7][0xc2]C[0xf0][0xf8]^kg>\[0x13]w1Z[0x19][0xdc]z1[0xd8][0xf5][0x8a][0xa5]#v[0xd4]i[0xec][0xe9].q([0xb1][0xad][0x98]S[0x8d][0xad][0x85][0xc6][0xd6]"[0x87]?[0x18][0xf7][0xeb][0x99]Y[0xee][0xc0][0xfe][0x4][0x98][0xe2][0xa9][0xe0]n[0x82][0x11]2[0xd6][0xfc]~[0xa3]9[0xf7],[0xd8]^[0xe8]n[0x3]o[0xba][0xce]tW[0xb6][0xee]n[0xb6][0xd7][0x97]a[0xaa][0xf5]hv[0xef][0xe5][0x95][0xbd][0x95]M>[0xf5][0xe6][0xd5][0xcd][0xe0][0xd6]:<[0x7][0xed][0x6][0xf3][0xd7][0x1]d[0xef][0xe9]b[0xf3][0xda][0x6];q[0xf7][0x97][0xbd][0x99];[0xcc][0xb2][0xf0]g{[0xe5]&<4v[0x97][0xf7][0xee][0xaf][0xc1]C[0xf3][0xea].[0xf8][0xd3][0xd8][0xfe][0x99][0x19][0xb7]~k[0xbc][0xbc][0xc1][0xf1]_[0xcf]\[0xee][0xed][0x86][0x81]C[0xba]A[0xd6]=O.[0xd9]P%[0xea]j[0x8e]T#[0xd0]#[0x9e]7[0x10][0xf6][0xc8][0x80]G[0xa7]M[0xec]U1[0xa6][0x3][0x88]B[0xff][0x15][0x6][0xc2][0xb6]c[0xb]z[0xf3]Z'x[0xd2][0xb1]][0x1a]K[0xea]$1h[0xb5]`[0xe0]:[0xd1][0xb1][0x18][0xe][0x6][0x11][0xa0][0x93][0x9a]_[0x13]=]3q!![0xa5][0xe][0x94][0xa7]l[0xbb]5[0x8d][0x8a][0x6][0xa6]X?P#[0x8a]M[0xec]Tm[0xb][0x17],[0x9b][0xed]:![0x8a][0xe7]I[0x19][0x99][0x14][0x8d][0x9c]A[0xd9][0xb]`[0xe1][0x95]E[0x9e][0xab][0x1f][0xda][0xf6][0xf2][0x84]'[0x13][0x9c][0x95]&<[0xa1][0x98][0x97][0xf9]b[0x86]s[0x1e][[0x6])_[0x10]E[0x18][0xec][0x13][0xe7][0xad][0xa9][0xaa]i[0xff]#Cr[0x95][0x93][0xba]d[0x1b][0xd3][0xc8][0xb6]>[0xb5]5[0x3][0x88]g[0xeb]~[\r][0x18]-[0x95][0x19]+[0xa5]2[0xc][0xbd][0xf]>d1[0x19][0xa4][0x8e]tS[0xf3][0xbc][0x82][0xc0]x[0xe]'aW,[0x9b]>1`[0xb6]/>[0xcd]p[0xb1][0xcb][0xac]}y[0x90][0x8b][0x90][0xea]2[0xc4]Ej[0x95][0xb7]'[0x0]&e[0xd3][0xae][0xd8]R[0x85][0x94]Y[0xe]4[0x6]*[0xc3][0xa1][0xc5][0xfe]^t[0x16]cI[0x8b][0xe0]}[0xb3][0xe3][0x93][0xa5][0xd5][0x11]|D[0x87][0x98][0xa6][0x87]t[0x8][0x1][0xdc][0xb][0x7][0xa1]#}[0x90][0xbe][0xce]R[\r][0xca]W[0xc7]pH[0xcc]9F[0x8f]PJ[0xd8][0xc9]y[0xd9]$[0xcc]{[0xb6]i[0x95]Q[0x92][0x9c][0xaa]#[0x14]9[0xe3][0xa0][0x9d][0xe3]D[0xe9]r[0xeb][0x1d][0xfb]-Ob[0x9a]([0x14]Ov[0xee][0xed][0xcb][0xf4][0xaa][0xe5][0xda]>[0xc5][0x9d][0xc5]L[0xea][0xae][0xfe][0xd0]^Y[0x8d]o[0xc9][0xcb]>[0xa8][0xf3][0xe1][0x9][0xf2][0xb0][0xe6][0xea]U[0xd6][0xad][0xbc][0x4][0xec][0x9]R[0xc3][0x14][0xaf][0xc]2[0xc6][0xa2][0xb7][0xad][0x82]@,[0x3]O[0x85][0x11]![0xd0][0xa0][0xaa][\r][0xc5]?{f[0xc]8[0xc2]k[0xcc]v[0x89][0x1c]*J [0xb1][0x1c][0x9f]F@[0xc4][0x11]8[0xe7]B[0xa9][0x17][0x90]cj:[0xae][0xda]&[0xd4][0xbd] [0xb4][0xd7]_[0xb4][0xff]^[0x8][0xbe]~[0xd2][0xfe]i[0x96]'[0xb5][0xb5]x%x[0xf8]0[0xb8]=[0xd7][0xbc]zo_[0xaa][0xba]gy[0x8e]f%{N![0xe0][\r][0xf8][0x1a][0xd2]Z[0xf0][0xfc]R[0x8d]0[0xf6]r[0xcf]J[0xd4]B[0xf0][0x81][0xf7][0x3][0xa9]i[0xee][0xb4][0x80][0xea][0x9a][0xe9]Cp[0xfc]([0x1e][0xb3][0xcc][0xdc][0xdf]OP_[0xd4]B[0xc][0xd6][0xc5][0x9e]oR[0xa8]~[0xac][0xa1]'1(1[0xef][0x14][0x9b][0x97]W[[0xdf]m[0x4]K[0xab][0xe0]18[0xfa][0xe6][0xd5]b^[0xb7][\r]\L+[0x92][0x92]U[0xa4][0x94]*[0xa9][0xe9][0xbc][0x1c][0x9a][0xf2][0xb2][0x13][0xee][0xb8]6[0x3][0xcb][0xe3][0x92][0xdb][0xdd][0x14]<^k[0xfe][0xf1]$[0xd8][0xba][0x8c][0xda][0xb3]w[0xf7]f[0x16]{7[0x9e][0xc5][0xf6][0xc8][0xe8]I4F4k[0x82]X[0x83]h[0xb8]J,-[0x4][\r][0xbb][0xbe][0xb7][0xf7][0xb9]^[0x9]J"[0xf1][0x1e]T[0xd0]$[0x15]( [0xef]q[0x1e]o$/[0x9d][0x97][0xad]P)][0x14]z[0xb8][0xe6]HT[0xb3][0xa6][0xd8][0x1b]V[0xc6]S[0xa7]H[0xa1]V[0x1b]W2[0xc9]T*[0x93][0xcd][0x8d]+[0x89]l&[0xab][0xa4][0xd2][0xe3][0xc9]t&[0xa3]*[0xb9][0x4][0xe3]_[0xa4]A,s=,[0xc]S[0xa8]Y[0x15][0xe0][0xf][0xe3]w,[0x89][0xa0][0x9a].[0x5][0xe7][0xe0][0xbf]H[0xac]2[0x13]B[0xa0]Psi[0xa6][0xbd];[0xcf]ks[0x12]u)[0x17][0x89][0xfd][0xe4][0xe4]$[0x93][0x19][0xdd][0x92][0xe1][\n]"
6130 DEBUG [2017-02-10 09:55:55]  http-outgoing-6 << "[0x10]Or[0xc4][0x94][0xb8][0x89][0xf5][0xff][0xbb][0x1][0x14]%+e[0x92][0x92]2[0x94][0x95][0x94]\*[0x82][0xe8]5[0x1e][\r][0xa2]f$%[0xa5]H[0xb9]!I[0xc9]d#[0x8c][0x1e][0xdb]1 [0xd4][0xa4][0xa4][0xaa][0x8a][0xa4]&[0xa1]m[0xd2]j[0x7][0xa4][0xd7]z[0xc][0x98][0x8c]4[0x4][0x0][0xc9]!)[0xd9][0x9][0x6][0x1c][0xe9][0x9a][0x8e][0x6]P[0xb2][0xb0][0x1c]\I[0xa8]R*[0xdd]IG[0xdc]v[0xc][0x8]H[0xa9][0x92][0x83][0x9c]f[0xd2][0xf0]Iv@z[0xad][0xc7][0x81][0x81][0xac]f2[0x92][\n]"
6130 DEBUG [2017-02-10 09:55:55]  http-outgoing-6 << "[0xde][0xab][0x9d][0x84](J[0xdc]x4[0x8]K)KhJ[0x82]4p%[0x8d][0x9b][0x8e][0x6]P[0x14]([0xaa][\n]"
6130 DEBUG [2017-02-10 09:55:55]  http-outgoing-6 << "[0xdb][0x95][0x14][0xa4][0xb5]S[0xdc][0x3][0xd6][0x10][0x6]:[0x9b]w}[0xe7][0xbb][0x1f]Ea[0xc7][0x1f]EG[0xc6][\n]"
6131 DEBUG [2017-02-10 09:55:55]  http-outgoing-6 << "[0xae][0xb8][0x86][0xe6]U[0xd9][0x1b]K@[0x8c]8l$[0xb2][0xa1]H[0xc][0x11]H[0x97][0x1d]*wemNE|J[0xcc]I9FE[0xf6][0x12][0xec]\ [0xb8]"[0x86][0x17][0x9d][0x9][0xad][0xae]q[0x96][0x2]Ft[0xcb][0x16][0xf8]5[0xbb][0x87][0xfa][0x8c]c[0xc][0x1c]H[0xab][0x9b][0xb6]o[0x84]"[0xe0]Q[0x8d][0x12]]6[0xbc][0x3]W[0x8e]n[0x98][0x9d][0xf0]c[0x4]/[0xc3]E[0xac][0xf3]^[0x7][0xa9]d[0x17][0xde][0xb9][0xe0][0xfa]Jp[0xb5]u[0xf7][0xf9][0xde][0xf2][0xa3][0xf6][0xc6]s[0x90][0xcd][0xc6][0xf6]|c[0xeb]%[0xdc][0x85]{[0xb9][0xea][0xc1]E[0x9f]y2[0xed][[0x86]oK[0xc4][0x6]u[0xd7][0xdc][\n]"
6131 DEBUG [2017-02-10 09:55:55]  http-outgoing-6 << "[0xfc]2[0x10][0xc6]K[0xa6]f][0x14][0x8a][0xb0][0xb3][0xb9][0xb4][0x19][0xe6][0xbf][0xbd][0xf9] [0xb8][0xbe][0xc6][0xd4][0x90][0x89][0x8c]S[0xfc]gMM$[0xd2][0xa2][0x9a]P[0xd2] [0xcb][0xec]7[0xc0]aJR#[0x84][0x96]0[0x8][0xaa]T[0xb1][0xeb]LT[0xfe]{F[0xf3][0xf7][0xa7]#[0xc3][0xa3][0xc1][0xe3]o[0x95]T"[0x91]R[0xd4],[0xdc]s[0xc5]$o[0x9d]HD{[0xee]hJ[0xe]p.][0xea][0xe6][0x8c][0xbd]0OA)[0x15]5[0x99][0xc9]$[0xde][0x9f][0xc4][0xa5][0xf1][0xee]H@[0x10]G[0xc5][0xd7]*[0xf0]2[0xfa][0x18][0x8a]s.[0xbc][0xcd][0xc7][0xc4][0x94][0xc7][0x13]uV[0xf7][0x8b][0xdd][0xbf][0xe0]~[0x15][0xfe]^*[0xf6][0xff][0xb]&[0x10][0xbe][0x80][0x82][\r][0x0][0x0][\r][\n]"
6132 DEBUG [2017-02-10 09:55:55]  http-outgoing-6 << HTTP/1.1 200 OK
6132 DEBUG [2017-02-10 09:55:55]  http-outgoing-6 << Server: nginx/1.10.1
6132 DEBUG [2017-02-10 09:55:55]  http-outgoing-6 << Date: Fri, 10 Feb 2017 01:55:53 GMT
6133 DEBUG [2017-02-10 09:55:55]  http-outgoing-6 << Content-Type: text/html; charset=UTF-8
6133 DEBUG [2017-02-10 09:55:55]  http-outgoing-6 << Transfer-Encoding: chunked
6133 DEBUG [2017-02-10 09:55:55]  http-outgoing-6 << Connection: keep-alive
6133 DEBUG [2017-02-10 09:55:55]  http-outgoing-6 << Content-Encoding: gzip
6134 DEBUG [2017-02-10 09:55:55]  Connection can be kept alive indefinitely
6135 DEBUG [2017-02-10 09:55:55]  http-outgoing-6 << "0[\r][\n]"
6135 DEBUG [2017-02-10 09:55:55]  http-outgoing-6 << "[\r][\n]"
6136 DEBUG [2017-02-10 09:55:55]  Connection [id: 6][route: {}->http://ip.cn:80] can be kept alive indefinitely
6136 DEBUG [2017-02-10 09:55:55]  Connection released: [id: 6][route: {}->http://ip.cn:80][total kept alive: 1; route allocated: 1 of 2; total allocated: 1 of 20]
6142 WARN  [2017-02-10 09:55:55]  <p>您现在的 IP：<code>61.181.52.26</code></p>
<p>所在地理位置：<code>天津市 联通</code></p>
<p>GeoIP: Tianjin, China</p>
6150 DEBUG [2017-02-10 09:55:55]  CookieSpec selected: default
6151 DEBUG [2017-02-10 09:55:55]  Auth cache not set in the context
6151 DEBUG [2017-02-10 09:55:55]  Connection request: [route: {}->http://ip.cn:80][total kept alive: 0; route allocated: 0 of 2; total allocated: 0 of 20]
6152 DEBUG [2017-02-10 09:55:55]  Connection leased: [id: 7][route: {}->http://ip.cn:80][total kept alive: 0; route allocated: 1 of 2; total allocated: 1 of 20]
6152 DEBUG [2017-02-10 09:55:55]  Opening connection {}->http://ip.cn:80
6153 DEBUG [2017-02-10 09:55:55]  Connecting to ip.cn/118.184.180.41:80
6188 DEBUG [2017-02-10 09:55:55]  Connection established 172.16.10.27:52695<->118.184.180.41:80
6188 DEBUG [2017-02-10 09:55:55]  Executing request GET / HTTP/1.1
6188 DEBUG [2017-02-10 09:55:55]  Target auth state: UNCHALLENGED
6188 DEBUG [2017-02-10 09:55:55]  Proxy auth state: UNCHALLENGED
6188 DEBUG [2017-02-10 09:55:55]  http-outgoing-7 >> GET / HTTP/1.1
6188 DEBUG [2017-02-10 09:55:55]  http-outgoing-7 >> Host: ip.cn
6188 DEBUG [2017-02-10 09:55:55]  http-outgoing-7 >> Connection: Keep-Alive
6189 DEBUG [2017-02-10 09:55:55]  http-outgoing-7 >> User-Agent: Mozilla/5.0 (Windows NT 10.0; WOW64) AppleWebKit/537.36 (KHTML, like Gecko) Chrome/54.0.2840.99 Safari/537.36
6189 DEBUG [2017-02-10 09:55:55]  http-outgoing-7 >> Accept-Encoding: gzip,deflate
6189 DEBUG [2017-02-10 09:55:55]  http-outgoing-7 >> "GET / HTTP/1.1[\r][\n]"
6189 DEBUG [2017-02-10 09:55:55]  http-outgoing-7 >> "Host: ip.cn[\r][\n]"
6189 DEBUG [2017-02-10 09:55:55]  http-outgoing-7 >> "Connection: Keep-Alive[\r][\n]"
6189 DEBUG [2017-02-10 09:55:55]  http-outgoing-7 >> "User-Agent: Mozilla/5.0 (Windows NT 10.0; WOW64) AppleWebKit/537.36 (KHTML, like Gecko) Chrome/54.0.2840.99 Safari/537.36[\r][\n]"
6189 DEBUG [2017-02-10 09:55:55]  http-outgoing-7 >> "Accept-Encoding: gzip,deflate[\r][\n]"
6189 DEBUG [2017-02-10 09:55:55]  http-outgoing-7 >> "[\r][\n]"
7119 DEBUG [2017-02-10 09:55:56]  http-outgoing-7 << "HTTP/1.1 200 OK[\r][\n]"
7119 DEBUG [2017-02-10 09:55:56]  http-outgoing-7 << "Server: nginx/1.10.1[\r][\n]"
7119 DEBUG [2017-02-10 09:55:56]  http-outgoing-7 << "Date: Fri, 10 Feb 2017 01:55:54 GMT[\r][\n]"
7119 DEBUG [2017-02-10 09:55:56]  http-outgoing-7 << "Content-Type: text/html; charset=UTF-8[\r][\n]"
7119 DEBUG [2017-02-10 09:55:56]  http-outgoing-7 << "Transfer-Encoding: chunked[\r][\n]"
7119 DEBUG [2017-02-10 09:55:56]  http-outgoing-7 << "Connection: keep-alive[\r][\n]"
7119 DEBUG [2017-02-10 09:55:56]  http-outgoing-7 << "Content-Encoding: gzip[\r][\n]"
7119 DEBUG [2017-02-10 09:55:56]  http-outgoing-7 << "[\r][\n]"
7119 DEBUG [2017-02-10 09:55:56]  http-outgoing-7 << "685[\r][\n]"
7119 DEBUG [2017-02-10 09:55:56]  http-outgoing-7 << "[0x1f][0x8b][0x8][0x0][0x0][0x0][0x0][0x0][0x0][0x3][0x95]W[O[0x1b]G[0x14]~[0x86]_[0xb1]Y[0xa9][0xa5][0x95][0xd8]Y[0xef][0x1a]_Hm[0xe7]![0x89]"[0xda][0xaa]E[\n]"
7119 DEBUG [2017-02-10 09:55:56]  http-outgoing-7 << "/U[0x14][0xa1][0xf5][0xee][0xd8][0x1e][0xb2][0xb7][0xee][0x8e]m[0x88][0xfa][0x0]Q[0xda][0xe6]F[0x13]B[0x9a]*[0x8][0x92]P%-[0xa4]m Ui([0x9]E[0xea]_[0x89][0xd7]6O[0xf9][0xb]=[0xb3][0xe3][0xcb].%!E2[0xde]93[0xf3][0x9d]3[0xe7][0x9c][0xef][0xdb]q[0xee][0xd8][0xa9][0xcf]ON|1~Z[0xa8]P[0xcb],[0xc][0xe6][0xba]_X3`da[0xaa][0xc1][0xc]u%[0xfc]e[0x95][0xd4][0xf2][0xe2]I[0xc7][0xa6][0xd8][0xa6][0xd2][0xc4][0x8c][0x8b]EA[0xe7][0xa3][0xbc]H[0xf1]4[0x95][0xd9][0xd6][0x8f][0x4][0xbd][0xa2]y>[0xa6][0xf9]*-IY[0x11]0Lb_[0x10]*[0x1e].[0xe5]E[0x86]t\[0x96]}D\I7l[0xa4];[0x96](x[0xd8][0xcc][0x8b][0x86][0xed]K.[0xac][0xc1]T[0xaf][0x88][0x82][0xc][0xdb]([0xa1]&.[0x8c][0x8d]#[0xdd][0x16]$al\[0x8][0x96]7[0x83][0x95][0xd9][0xe6][0x83][0xc7][0xed][0x8d][0x1f][0x85][0xaf][0xd8][0xb0]u[0xeb][0x9b][0xc6][0xee]|k[0xf7])[0xc][0x9b]W[0xaf]7[0x97]w[0x82][0xdd][0xdb][0xc1][0xb3][0xfb]0[0x95][0x93][0xf9][0xfe][0xce][0x11]l[0xcd][0xc2]y[0xd1]s[0x8a][0xe][0xf5]#ak[0xa6][0xc9][0x9d][0x85][0xe7][0xe4][0x8b]>[0xc1]3u[0xc7]3[0xa2][0xcb][0x88];L\[0xee]x[0x98][0xfb][0x1]Ks[0xf9]Wp[0x8][0xf][0xc1][0xa3][0xbb][0xad][0xdd][0x85]pM4[0xc4][0xce][0xca][0xe0][0xe6][0xf3][0xe1]^T,[0x1d][0x11]W[0xa7][0xb0][0xaf]{[0xc4][0xa5][0xc4][0xb1]#A5[0xb6][0x17][0x1b][0xdb]K[0x1c][0xfe][0xe0][0xb9]_[0xcd][0xce][0xf1][0x0][0xfa][0x13]`[0x8a][0xa6][0x82][0x87][0x9]F[0xc8]X[0xf3][0xfb][0xcd][0xe6][0xfc][0xd3]`g[0xb1][0xb7][\r][0xa2][0xe9][0x5][0xd3][[0xd9][0xba][0xb3][0xd5][0xde]X[0x81][0xa9][0xd6][0xc3][0xb9][0xfd][0x17][0x97][0xf7]W[0xb7][0xf8][0xd4][0xeb][0x97]7[0x82][0x9b][0x1b][0xf0][0x1c][0xfc][0xb5][0x17],\[0x3][0x90][0xfd]'K[0xcd][0xab][0x9b][0xcc][0xe3][0xde]/[0xfb][0xb3][0xb7][0x99]e[0xf1][0xcf][0xf6][0xea][\r]xh[0xec][0xad][0xec][0xdf][[0x87][0x87][0xe6][0x95]=[0x88][0xa7][0xb1][0xf3]33n[0xff][0xd6]xq[0x9d][0xe3][0xbf][0x9a][0xbd][0x14][0xef][0x86][0xa1]C[0xba]A[0xd6]}_.:P%[0xea]i.[0xb2][0x8][0xf4][0x88][0xef][0xf][0x85]=2[0xe4][0xd3][0x19][0x13][0xfb][0x15][0x8c][0xe9][0x90]@[0xa1][0xff][0xf2]Ca[0xdb][0xb1][0x5][0xf1][0xbc][0xd6][0x8][0xae][0xbb][0x8e]G#I[0xad][0x13][0x83]V[0xf2][0x6][0xae][0x11][0x1d]K[0xe1]`X[0x0]tbU-[0xc9][0xd7]5[0x13][0xe7][0x13](u[0xa0]<%[0xc7][0xb3]4*[0x19][0x98]b[0xfd]@[0x8d](6[0xb1][ql[0x9c][0xb7][0x1d][0xb6][0xeb][0x98]$[0x9d]#%[0xc1][0xa4][0xc2][0xd8]i!{[0x1e],[0xbc][0xb2][0x82][0xef][0xe9][0x87][0xb6][0xbd]<[0xe5][0xcb][0x4]g[0xd1][0x94]/[0x16]r2_[0xcc]p[0xce]a[0xdb] [0xa5][0xf3][0x92][0x4][0x83]>q[0xde][0x98]*K[0xfb][0x1f][0x19][0x92]+[0x9c][0xd4]E[0xc7][0x98][0x11][0x1c][0xfb]SG3[0x80]x[0x8e]^[0xb5][0x80][0xd1][0xa8][0xc4]X[0x89]J0[0xf4]?[0xf8][0x90][0x9d][0xc9] 5A75[0xdf][0xcf][0x8b][0x8c][0xe7][0xe0][0x9]{R[0xc9][0xac][0x12][0x3]f[0x7][0xa2][0xd3][0xc][0x17]{[0xcc]:[0x90][0x3][0xb9][0x8][0xa9].[0xc3][0xb9][0x88]U~s[0x2]`R6[0x9d][0xb2][0x83][0xca][0xa4][0xc4]r[0xa0]1P[0x19][0x9c][0x16][0x6][0xe3][0xe8][0xec][0x8c]E[0xad][0x3]_5[0xbb]1[0xd9]ZM[0x80][0x8f][0xe4][0x12][0xd3][0xf4][0x5][0x1d][0x8e][0x0][0xe1][0x85][0x83]0[0x90][0x1]H_w[0xa9][0x6][0xe5][0xab]ap[0x12][0x9][0x8e][0xd1]#[0x94][0x12][0xe6]9'[0x9b][0x84]E[0xcf]6[0xf5]W[0x19]E[0xe4]V\[0xb1][0xc0][0x19][0x7][0xed][0x1c]%J[0x8f][o[0xd9]o[0xfb][0x88]i[0xa2]X8[0xf5][0xd9][0xd9]7/[0xd3]+[0xb6][0xe7]T)[0xee].fRw[0xe5][0x87][0xf6][0xea]ZtKN[0xae][0x82]:[0x1f][0x9e] [0x1f]k[0x9e]^a[0xdd][0xca]K[0xc0][0x9e] 5L[0xf1]J c[0xec][0xf4][0x8e][0x9d][0x17][0x89]m[0xe0][0xe9][0xf0]D[0x2]hP[0xc5][0x81][0xe2][0x9f]9=[0x1][0x1c][0xe1]5f[0xbb]$[0xe][0xd5]I [0xb1][0xdd]*[0xed][0x0][0x11]W[0xe4][0x9c][0xb][0xa5]^[0x14]\S[0xd3]q[0xc5]1[0xa1][0xee]y[0xb1][0xbd][0xf1][0xbc][0xfd][0xf7]b[0xf0][0xf5][0xe3][0xf6]Os<[0xa9][0xad][0xa5][0xcb][0xc1][0x83][0x7][0xc1][0xad][0xf9][0xe6][0x95][0xbb]}[0xa9][0xea][0xf9][0xf2]][0xcd]N[0xc6][0xbc][0x10][0x88][0x6]b[\r]i-[0xfa][0xd5][0xa2]E[0x18]{ydEj[0xb][0xf0][0x81][0xf7][0x3][0xb1]4oF[0x14]j[0x9a]Y[0x85][0xc3]qW[0xfc][0xcc]2[0xb][0xbf][0x9f][0xa0][0x81]N[0xb]1X[0xf][0xfb]U[0x93]B[0xf5]#[\r]][0xc7][0xa0][0xfc][0x85][0x9c][h^Zk}[0xb7][0x19],[0xaf]A[0xc4][0x10][0xe8][0xeb][0x97]K9[0xdd]1p![0xad] %[0xab][0xa0][0x94][0x8a][0xd4]tN[0xe]M9[0xd9][\r]w\[0x9d][0x85][0xe5]Q[0xc9][0xed]m[\n]"
7120 DEBUG [2017-02-10 09:55:56]  http-outgoing-7 << "[0x1e][0xad]7[0xff]x[0x1c]l_[0x12][0xda]sw[0xf6]g[0x97][0xe2][0x1b][0xcf]`gl[0xfc][0xb8]0A4{[0x8a][0xd8][0xc3][0xc2][0xc9][\n]"
7120 DEBUG [2017-02-10 09:55:56]  http-outgoing-7 << "[0xb1][0xb5][0x10]4[0xec][0xfa]x[0xef]s[0xbd][0x12][0x95]D[0xe2]=[0xa8][0xa0]I[0xca]P@[0xde][0xe3][0xfc][0xbc][0x1d]y[0xe9][0xbe]l[0xc5]r[0xf1][0x82][0x18][0xe3][0x9a][0x8b][0xa8]fO[0xb3]7[0xac][0x8c][0xa7]O[0x90][0xbc]eM*[0x99]d*[0x95][0xc9][0x8e]N*[0x89]l&[0xab][0xa4][0xd2][0x93][0xc9]t&[0xa3]*[0xa3][0x9][0xc6][0xbf][0x8e][0x6][0xb1][0xcc][0xc5]X[0x18][0xa6]P[0xb3][0xcb][0xc0][0x1f][0xc6][0xef]H[0x12]A5=[\n]"
7120 DEBUG [2017-02-10 09:55:56]  http-outgoing-7 << "[0xc1][0xc1][0x89][0xd8]%&[0x84]@[0xa1][0xe6][0xf2]l{o[0x81][0xd7][0xe6][0xb8][0xd0][0xa3]\G[0xec][0xeb][0xf5]:[0x93][0x19][0xdd][0x96][0xe1][\n]"
7120 DEBUG [2017-02-10 09:55:56]  http-outgoing-7 << "[0x10]Mr[0x87])Q[0x13][0xeb][0xff][0xb7][0x3]([0xd9]Q[0x94][0xc9]"5[0x9][0x9f]D[0xaa][0x3][0x11]7[0x1e][\r][0xa2][0xaa]I[0xa4][0xa4][0x14][0x94]T[0x11][0xe0]p[0xc2][0xc6]lGC(J[0x6])[0x99][0x11][0x94]M#UQ[0xbb]q[0xc4][0x8c][0xef][0x0][0xa2][0x8e] U[0xcd][0x2]P[0x2])#J[0x17]%n}[0x7][0x98][0xd0]m[0x6][0xa9][0x0][0xa1][0xc6]c[0xe9][0x1a][0x8f][0x6][0x19][0x81][0xbe]O[0x2][0x5][0xd4][0x14]R[0x92][0x99]N(q[0xe3][0xd1] [0xaa][0xc2][0xca][0x2])IdP[0xba][0x9b][0xd8][0xa8][0xed]h[0x8]p[0x99]bYQ![0x94][0x91]~[0x18]}[0xdb][0xd1][0x10][0x8a][0x2]4[0xce][0xa2]L[0x12][0xa9]Pd^[0xde][0x98]-[0x84][0x80][0xce][0xe6]][0xdf][0xfd][0x1e][0x14]:a[0xc7][0x1f]EG[0xc6][\n]"
7120 DEBUG [2017-02-10 09:55:56]  http-outgoing-7 << "[0xae][0xb8][0x86][0xe6]W[0xd8][0x1b]K[0x14][0x18]q[0xd8]HbC[0x89][0x18][0x12][0x90].;R[0xea][0xc9]ZN[0x15][0xf8][0x94]4[0x8a]F[0x19][0x15][0xd9]K[0xb0]{[0x81][0xe0][0x8a][0x18]^t[0xa6][0xb4][0x9a][0xc6]Y[\n]"
7120 DEBUG [2017-02-10 09:55:56]  http-outgoing-7 << "[0x18][0x9d][[0xb6][0xc8][0xaf][0xd9]1[0xea]3[0x8e]1p [0xad]n:U#[0x14][0x1][0x9f]j[0x94][0xe8][0xb2][0xe1][0x1f][0xb8]r[0xf4][0x8e][0xd9]=~[0x84][0xe0]%[0xb8][0x88]u[0xdf][0xeb] [0x95][0xec][0xc2];[0x1f]\[[\r][0xee][0xad][0xb5][0xee]<[0xdb]_y[0xd8][0xde]|[0x6][0xb2][0xd9][0xd8]Yhl[0xbf][0x80][0xbb]p[0x9c][0xab]>\[0xf4]Y$3U[0xdb][0xa8]:[0x88]8[0xa0][0xee][0x9a]W[0x86]_[0x6][0xe2]d[0xd1][0xd4][0xec][0xb]b[0x1]v6[0x97][0xb7][0xc2][0xfc][0xb7][0xb7][0xee][0x7][0xd7][0xd6][0x99][0x1a]2[0x91]q[0xb][0xff][0xac][0xab][0x89]DZR[0x13]J[0x1a]d[0x99][0xfd][0x6]8LI,Bh[0x11][0x83][0xa0][0xa2][0xb2]Sc[0xa2][0xf2]_[0x1f][0xcd][0xdf][0x9f][0x8c][0x9d][0x1c][0xf][0x1e]}[0xab][0xa4][0x12][0x89][0x94][0xa2]f[0xe1][0x9e]+%y[0xdb]tD4vGSF[0x1][0xe7][0xe2][0xc5]^[0xce][0xd8][0xb][0xf3][0x4][0x94]RQ[0x93][0x99]L[0xe2][0xfd]:.N[0xf6]F[0xa2][0x0][0xe7](W[0xb5]2[0xbc][0x8c]>[0x86][0xe2][0x9c][\r]o[0xf3][0x11]1[0xe5][0xe7][0xe9]tV[0xef][0x8b][0xdd][0xbf][0xe0]~[0x15][0xfe]^*[0xc][0xfe][0xb][0xd5]P[[0xb8][0x82][\r][0x0][0x0][\r][\n]"
7120 DEBUG [2017-02-10 09:55:56]  http-outgoing-7 << HTTP/1.1 200 OK
7120 DEBUG [2017-02-10 09:55:56]  http-outgoing-7 << Server: nginx/1.10.1
7120 DEBUG [2017-02-10 09:55:56]  http-outgoing-7 << Date: Fri, 10 Feb 2017 01:55:54 GMT
7120 DEBUG [2017-02-10 09:55:56]  http-outgoing-7 << Content-Type: text/html; charset=UTF-8
7120 DEBUG [2017-02-10 09:55:56]  http-outgoing-7 << Transfer-Encoding: chunked
7120 DEBUG [2017-02-10 09:55:56]  http-outgoing-7 << Connection: keep-alive
7120 DEBUG [2017-02-10 09:55:56]  http-outgoing-7 << Content-Encoding: gzip
7120 DEBUG [2017-02-10 09:55:56]  Connection can be kept alive indefinitely
7121 DEBUG [2017-02-10 09:55:56]  http-outgoing-7 << "0[\r][\n]"
7121 DEBUG [2017-02-10 09:55:56]  http-outgoing-7 << "[\r][\n]"
7121 DEBUG [2017-02-10 09:55:56]  Connection [id: 7][route: {}->http://ip.cn:80] can be kept alive indefinitely
7121 DEBUG [2017-02-10 09:55:56]  Connection released: [id: 7][route: {}->http://ip.cn:80][total kept alive: 1; route allocated: 1 of 2; total allocated: 1 of 20]
7123 WARN  [2017-02-10 09:55:56]  <p>您现在的 IP：<code>61.181.52.26</code></p>
<p>所在地理位置：<code>天津市 联通</code></p>
<p>GeoIP: Tianjin, China</p>
7127 DEBUG [2017-02-10 09:55:56]  CookieSpec selected: default
7127 DEBUG [2017-02-10 09:55:56]  Auth cache not set in the context
7127 DEBUG [2017-02-10 09:55:56]  Connection request: [route: {}->http://ip.cn:80][total kept alive: 0; route allocated: 0 of 2; total allocated: 0 of 20]
7127 DEBUG [2017-02-10 09:55:56]  Connection leased: [id: 8][route: {}->http://ip.cn:80][total kept alive: 0; route allocated: 1 of 2; total allocated: 1 of 20]
7127 DEBUG [2017-02-10 09:55:56]  Opening connection {}->http://ip.cn:80
7127 DEBUG [2017-02-10 09:55:56]  Connecting to ip.cn/118.184.180.41:80
